<?xml version="1.0" encoding="UTF-8"?>
<testsuites name="Teste de Integração" time="347.212" tests="13" failures="5" errors="0">
   <testsuite name="Teste de Integração" tests="13" failures="5" errors="0" time="347.212" skipped="0" timestamp="2023-11-29 13:14:02" hostname="isaba - LAPTOP-EU75EJ55" id="Test Suites/Teste de Integração">
      <properties>
         <property name="deviceName" value=""/>
         <property name="devicePlatform" value=""/>
         <property name="logFolder" value="C:\\Users\\isaba\\Downloads\\TMS-T2-E1\\TMS-T2-E1\\T2\\Reports\\20231129_131342\\Teste de Integra\u00E7\u00E3o\\20231129_131342"/>
         <property name="logFiles" value="C:\\Users\\isaba\\Downloads\\TMS-T2-E1\\TMS-T2-E1\\T2\\Reports\\20231129_131342\\Teste de Integra\u00E7\u00E3o\\20231129_131342\\execution0.log"/>
         <property name="attachments" value="C:\\Users\\isaba\\Downloads\\TMS-T2-E1\\TMS-T2-E1\\T2\\Reports\\20231129_131342\\Teste de Integra\u00E7\u00E3o\\20231129_131342\\1701274758152.png, C:\\Users\\isaba\\Downloads\\TMS-T2-E1\\TMS-T2-E1\\T2\\Reports\\20231129_131342\\Teste de Integra\u00E7\u00E3o\\20231129_131342\\1701274773586.png"/>
         <property name="hostName" value="isaba - LAPTOP-EU75EJ55"/>
         <property name="os" value="Windows 10 64bit"/>
         <property name="katalonVersion" value="8.6.8.208"/>
         <property name="browser" value="Chrome 119.0.0.0"/>
         <property name="hostAddress" value="192.168.56.1"/>
         <property name="sessionId" value="a95a0cd93e004c22af44762945ebd325"/>
         <property name="seleniumVersion" value="3.141.59"/>
         <property name="proxyInformation" value="ProxyInformation { proxyOption=NO_PROXY, proxyServerType=HTTP, username=, password=********, proxyServerAddress=, proxyServerPort=0, executionList=&quot;&quot;, isApplyToDesiredCapabilities=true }"/>
         <property name="platform" value="Windows 10"/>
      </properties>
      <testcase name="Test Cases/CDT01- RF01 - login cliente - Verificar login incorreto e correto" time="35.077" classname="Test Cases/CDT01- RF01 - login cliente - Verificar login incorreto e correto" status="PASSED">
         <system-out><![CDATA[2023-11-29 13:14:03 - [TEST_CASE][PASSED] - Test Cases/CDT01- RF01 - login cliente - Verificar login incorreto e correto: Test Cases/CDT01- RF01 - login cliente - Verificar login incorreto e correto

2023-11-29 13:14:04 - [TEST_STEP][PASSED] - openBrowser("http://localhost/pizzaWeb2.0/site/index.php", CONTINUE_ON_FAILURE): Browser is opened with url: 'http://localhost/pizzaWeb2.0/site/index.php'

2023-11-29 13:14:04 - [MESSAGE][INFO] - Starting 'Chrome' driver

2023-11-29 13:14:04 - [MESSAGE][INFO] - Action delay is set to 0 milliseconds

2023-11-29 13:14:25 - [MESSAGE][PASSED] - Browser is opened with url: 'http://localhost/pizzaWeb2.0/site/index.php'

2023-11-29 13:14:25 - [TEST_STEP][PASSED] - click(findTestObject("Object Repository/CDT01 - CDT02/Page_PizzaWeb/a_Entrar"), CONTINUE_ON_FAILURE): Object: 'Object Repository/CDT01 - CDT02/Page_PizzaWeb/a_Entrar' is clicked on

2023-11-29 13:14:28 - [MESSAGE][PASSED] - Object: 'Object Repository/CDT01 - CDT02/Page_PizzaWeb/a_Entrar' is clicked on

2023-11-29 13:14:28 - [TEST_STEP][PASSED] - callTestCase(findTestCase("CDT02 - login simple"), ["usuario":"marco", "senha":"senhaInvalida"], CONTINUE_ON_FAILURE): Call Test Case 'Test Cases/CDT02 - login simple' successfully

2023-11-29 13:14:29 - [TEST_CASE][PASSED] - Test Cases/CDT02 - login simple: Test Cases/CDT02 - login simple

2023-11-29 13:14:30 - [TEST_STEP][PASSED] - setText(findTestObject("Object Repository/CDT01 - CDT02/Page_Login/input_Entrar_login"), usuario, CONTINUE_ON_FAILURE): Text 'marco' is set on object 'Object Repository/CDT01 - CDT02/Page_Login/input_Entrar_login'

2023-11-29 13:14:31 - [MESSAGE][PASSED] - Text 'marco' is set on object 'Object Repository/CDT01 - CDT02/Page_Login/input_Entrar_login'

2023-11-29 13:14:31 - [TEST_STEP][PASSED] - setText(findTestObject("Object Repository/CDT01 - CDT02/Page_Login/input_Entrar_senha"), senha, CONTINUE_ON_FAILURE): Text 'senhaInvalida' is set on object 'Object Repository/CDT01 - CDT02/Page_Login/input_Entrar_senha'

2023-11-29 13:14:32 - [MESSAGE][PASSED] - Text 'senhaInvalida' is set on object 'Object Repository/CDT01 - CDT02/Page_Login/input_Entrar_senha'

2023-11-29 13:14:32 - [TEST_STEP][PASSED] - click(findTestObject("Object Repository/CDT01 - CDT02/Page_Login/button_Login"), CONTINUE_ON_FAILURE): Object: 'Object Repository/CDT01 - CDT02/Page_Login/button_Login' is clicked on

2023-11-29 13:14:33 - [MESSAGE][PASSED] - Object: 'Object Repository/CDT01 - CDT02/Page_Login/button_Login' is clicked on

2023-11-29 13:14:33 - [MESSAGE][PASSED] - Call Test Case 'Test Cases/CDT02 - login simple' successfully

2023-11-29 13:14:33 - [TEST_STEP][PASSED] - verifyElementText(findTestObject("CDT01 - CDT02/Page_/div_msg_Usurio_ou_senha_invalidos"), "Usuário ou senha inválidos.", CONTINUE_ON_FAILURE): Actual text and expected text of test object 'Object Repository/CDT01 - CDT02/Page_/div_msg_Usurio_ou_senha_invalidos' are matched.

2023-11-29 13:14:33 - [MESSAGE][PASSED] - Actual text and expected text of test object 'Object Repository/CDT01 - CDT02/Page_/div_msg_Usurio_ou_senha_invalidos' are matched.

2023-11-29 13:14:33 - [TEST_STEP][PASSED] - click(findTestObject("Object Repository/CDT01 - CDT02/Page_/button_OK"), CONTINUE_ON_FAILURE): Object: 'Object Repository/CDT01 - CDT02/Page_/button_OK' is clicked on

2023-11-29 13:14:34 - [MESSAGE][PASSED] - Object: 'Object Repository/CDT01 - CDT02/Page_/button_OK' is clicked on

2023-11-29 13:14:34 - [TEST_STEP][PASSED] - callTestCase(findTestCase("CDT02 - login simple"), ["usuario":"marco", "senha":"marco"], CONTINUE_ON_FAILURE): Call Test Case 'Test Cases/CDT02 - login simple' successfully

2023-11-29 13:14:34 - [TEST_CASE][PASSED] - Test Cases/CDT02 - login simple: Test Cases/CDT02 - login simple

2023-11-29 13:14:34 - [TEST_STEP][PASSED] - setText(findTestObject("Object Repository/CDT01 - CDT02/Page_Login/input_Entrar_login"), usuario, CONTINUE_ON_FAILURE): Text 'marco' is set on object 'Object Repository/CDT01 - CDT02/Page_Login/input_Entrar_login'

2023-11-29 13:14:35 - [MESSAGE][PASSED] - Text 'marco' is set on object 'Object Repository/CDT01 - CDT02/Page_Login/input_Entrar_login'

2023-11-29 13:14:35 - [TEST_STEP][PASSED] - setText(findTestObject("Object Repository/CDT01 - CDT02/Page_Login/input_Entrar_senha"), senha, CONTINUE_ON_FAILURE): Text 'marco' is set on object 'Object Repository/CDT01 - CDT02/Page_Login/input_Entrar_senha'

2023-11-29 13:14:36 - [MESSAGE][PASSED] - Text 'marco' is set on object 'Object Repository/CDT01 - CDT02/Page_Login/input_Entrar_senha'

2023-11-29 13:14:36 - [TEST_STEP][PASSED] - click(findTestObject("Object Repository/CDT01 - CDT02/Page_Login/button_Login"), CONTINUE_ON_FAILURE): Object: 'Object Repository/CDT01 - CDT02/Page_Login/button_Login' is clicked on

2023-11-29 13:14:37 - [MESSAGE][PASSED] - Object: 'Object Repository/CDT01 - CDT02/Page_Login/button_Login' is clicked on

2023-11-29 13:14:37 - [MESSAGE][PASSED] - Call Test Case 'Test Cases/CDT02 - login simple' successfully

2023-11-29 13:14:37 - [TEST_STEP][PASSED] - verifyElementText(findTestObject("Object Repository/CDT01 - CDT02/Page_PizzaWeb/a_Ol, Usuario"), "Olá, Marco!", CONTINUE_ON_FAILURE): Actual text and expected text of test object 'Object Repository/CDT01 - CDT02/Page_PizzaWeb/a_Ol, Usuario' are matched.

2023-11-29 13:14:37 - [MESSAGE][PASSED] - Actual text and expected text of test object 'Object Repository/CDT01 - CDT02/Page_PizzaWeb/a_Ol, Usuario' are matched.

2023-11-29 13:14:37 - [TEST_STEP][PASSED] - closeBrowser(CONTINUE_ON_FAILURE): Browser is closed

2023-11-29 13:14:38 - [MESSAGE][PASSED] - Browser is closed]]></system-out>
         <system-err><![CDATA[]]></system-err>
      </testcase>
      <testcase name="Test Cases/CDT04 - RF01 - cadastro cliente - Verificar erros de preenchimento" time="50.622" classname="Test Cases/CDT04 - RF01 - cadastro cliente - Verificar erros de preenchimento" status="FAILED">
         <failure type="FAILED" message="Test Cases/CDT04 - RF01 - cadastro cliente - Verificar erros de preenchimento FAILED.
Reason:
com.kms.katalon.core.exception.StepFailedException: Text 'Cadastro' is not present on page  (Root cause: com.kms.katalon.core.exception.StepFailedException: Text 'Cadastro' is not present on page 
	at com.kms.katalon.core.webui.keyword.internal.WebUIKeywordMain.stepFailed(WebUIKeywordMain.groovy:64)
	at com.kms.katalon.core.webui.keyword.builtin.VerifyTextPresentKeyword$_verifyTextPresent_closure1.doCall(VerifyTextPresentKeyword.groovy:79)
	at com.kms.katalon.core.webui.keyword.builtin.VerifyTextPresentKeyword$_verifyTextPresent_closure1.call(VerifyTextPresentKeyword.groovy)
	at com.kms.katalon.core.webui.keyword.internal.WebUIKeywordMain.runKeyword(WebUIKeywordMain.groovy:20)
	at com.kms.katalon.core.webui.keyword.builtin.VerifyTextPresentKeyword.verifyTextPresent(VerifyTextPresentKeyword.groovy:83)
	at com.kms.katalon.core.webui.keyword.builtin.VerifyTextPresentKeyword.execute(VerifyTextPresentKeyword.groovy:68)
	at com.kms.katalon.core.keyword.internal.KeywordExecutor.executeKeywordForPlatform(KeywordExecutor.groovy:74)
	at com.kms.katalon.core.webui.keyword.WebUiBuiltInKeywords.verifyTextPresent(WebUiBuiltInKeywords.groovy:1707)
	at com.kms.katalon.core.webui.keyword.WebUiBuiltInKeywords$verifyTextPresent$6.call(Unknown Source)
	at CDT04 - RF01 - cadastro cliente - Verificar erros de preenchimento.run(CDT04 - RF01 - cadastro cliente - Verificar erros de preenchimento:56)
	at com.kms.katalon.core.main.ScriptEngine.run(ScriptEngine.java:194)
	at com.kms.katalon.core.main.ScriptEngine.runScriptAsRawText(ScriptEngine.java:119)
	at com.kms.katalon.core.main.TestCaseExecutor.runScript(TestCaseExecutor.java:448)
	at com.kms.katalon.core.main.TestCaseExecutor.doExecute(TestCaseExecutor.java:439)
	at com.kms.katalon.core.main.TestCaseExecutor.processExecutionPhase(TestCaseExecutor.java:418)
	at com.kms.katalon.core.main.TestCaseExecutor.accessMainPhase(TestCaseExecutor.java:410)
	at com.kms.katalon.core.main.TestCaseExecutor.execute(TestCaseExecutor.java:285)
	at com.kms.katalon.core.common.CommonExecutor.accessTestCaseMainPhase(CommonExecutor.java:65)
	at com.kms.katalon.core.main.TestSuiteExecutor.accessTestSuiteMainPhase(TestSuiteExecutor.java:148)
	at com.kms.katalon.core.main.TestSuiteExecutor.execute(TestSuiteExecutor.java:106)
	at com.kms.katalon.core.main.TestCaseMain.startTestSuite(TestCaseMain.java:187)
	at com.kms.katalon.core.main.TestCaseMain$startTestSuite$0.call(Unknown Source)
	at TempTestSuite1701274422176.run(TempTestSuite1701274422176.groovy:36)
)
	at com.kms.katalon.core.keyword.internal.KeywordMain.stepFailed(KeywordMain.groovy:39)
	at com.kms.katalon.core.webui.keyword.internal.WebUIKeywordMain.stepFailed(WebUIKeywordMain.groovy:64)
	at com.kms.katalon.core.webui.keyword.builtin.VerifyTextPresentKeyword$_verifyTextPresent_closure1.doCall(VerifyTextPresentKeyword.groovy:79)
	at com.kms.katalon.core.webui.keyword.builtin.VerifyTextPresentKeyword$_verifyTextPresent_closure1.call(VerifyTextPresentKeyword.groovy)
	at com.kms.katalon.core.webui.keyword.internal.WebUIKeywordMain.runKeyword(WebUIKeywordMain.groovy:20)
	at com.kms.katalon.core.webui.keyword.builtin.VerifyTextPresentKeyword.verifyTextPresent(VerifyTextPresentKeyword.groovy:83)
	at com.kms.katalon.core.webui.keyword.builtin.VerifyTextPresentKeyword.execute(VerifyTextPresentKeyword.groovy:68)
	at com.kms.katalon.core.keyword.internal.KeywordExecutor.executeKeywordForPlatform(KeywordExecutor.groovy:74)
	at com.kms.katalon.core.webui.keyword.WebUiBuiltInKeywords.verifyTextPresent(WebUiBuiltInKeywords.groovy:1707)
	at com.kms.katalon.core.webui.keyword.WebUiBuiltInKeywords$verifyTextPresent$6.call(Unknown Source)
	at CDT04 - RF01 - cadastro cliente - Verificar erros de preenchimento.run(CDT04 - RF01 - cadastro cliente - Verificar erros de preenchimento:56)
	at com.kms.katalon.core.main.ScriptEngine.run(ScriptEngine.java:194)
	at com.kms.katalon.core.main.ScriptEngine.runScriptAsRawText(ScriptEngine.java:119)
	at com.kms.katalon.core.main.TestCaseExecutor.runScript(TestCaseExecutor.java:448)
	at com.kms.katalon.core.main.TestCaseExecutor.doExecute(TestCaseExecutor.java:439)
	at com.kms.katalon.core.main.TestCaseExecutor.processExecutionPhase(TestCaseExecutor.java:418)
	at com.kms.katalon.core.main.TestCaseExecutor.accessMainPhase(TestCaseExecutor.java:410)
	at com.kms.katalon.core.main.TestCaseExecutor.execute(TestCaseExecutor.java:285)
	at com.kms.katalon.core.common.CommonExecutor.accessTestCaseMainPhase(CommonExecutor.java:65)
	at com.kms.katalon.core.main.TestSuiteExecutor.accessTestSuiteMainPhase(TestSuiteExecutor.java:148)
	at com.kms.katalon.core.main.TestSuiteExecutor.execute(TestSuiteExecutor.java:106)
	at com.kms.katalon.core.main.TestCaseMain.startTestSuite(TestCaseMain.java:187)
	at com.kms.katalon.core.main.TestCaseMain$startTestSuite$0.call(Unknown Source)
	at TempTestSuite1701274422176.run(TempTestSuite1701274422176.groovy:36)
Caused by: com.kms.katalon.core.exception.StepFailedException: Text 'Cadastro' is not present on page 
	... 23 more
"/>
         <system-out><![CDATA[2023-11-29 13:14:38 - [TEST_CASE][FAILED] - Test Cases/CDT04 - RF01 - cadastro cliente - Verificar erros de preenchimento: Test Cases/CDT04 - RF01 - cadastro cliente - Verificar erros de preenchimento FAILED.
Reason:
com.kms.katalon.core.exception.StepFailedException: Text 'Cadastro' is not present on page  (Root cause: com.kms.katalon.core.exception.StepFailedException: Text 'Cadastro' is not present on page 
	at com.kms.katalon.core.webui.keyword.internal.WebUIKeywordMain.stepFailed(WebUIKeywordMain.groovy:64)
	at com.kms.katalon.core.webui.keyword.builtin.VerifyTextPresentKeyword$_verifyTextPresent_closure1.doCall(VerifyTextPresentKeyword.groovy:79)
	at com.kms.katalon.core.webui.keyword.builtin.VerifyTextPresentKeyword$_verifyTextPresent_closure1.call(VerifyTextPresentKeyword.groovy)
	at com.kms.katalon.core.webui.keyword.internal.WebUIKeywordMain.runKeyword(WebUIKeywordMain.groovy:20)
	at com.kms.katalon.core.webui.keyword.builtin.VerifyTextPresentKeyword.verifyTextPresent(VerifyTextPresentKeyword.groovy:83)
	at com.kms.katalon.core.webui.keyword.builtin.VerifyTextPresentKeyword.execute(VerifyTextPresentKeyword.groovy:68)
	at com.kms.katalon.core.keyword.internal.KeywordExecutor.executeKeywordForPlatform(KeywordExecutor.groovy:74)
	at com.kms.katalon.core.webui.keyword.WebUiBuiltInKeywords.verifyTextPresent(WebUiBuiltInKeywords.groovy:1707)
	at com.kms.katalon.core.webui.keyword.WebUiBuiltInKeywords$verifyTextPresent$6.call(Unknown Source)
	at CDT04 - RF01 - cadastro cliente - Verificar erros de preenchimento.run(CDT04 - RF01 - cadastro cliente - Verificar erros de preenchimento:56)
	at com.kms.katalon.core.main.ScriptEngine.run(ScriptEngine.java:194)
	at com.kms.katalon.core.main.ScriptEngine.runScriptAsRawText(ScriptEngine.java:119)
	at com.kms.katalon.core.main.TestCaseExecutor.runScript(TestCaseExecutor.java:448)
	at com.kms.katalon.core.main.TestCaseExecutor.doExecute(TestCaseExecutor.java:439)
	at com.kms.katalon.core.main.TestCaseExecutor.processExecutionPhase(TestCaseExecutor.java:418)
	at com.kms.katalon.core.main.TestCaseExecutor.accessMainPhase(TestCaseExecutor.java:410)
	at com.kms.katalon.core.main.TestCaseExecutor.execute(TestCaseExecutor.java:285)
	at com.kms.katalon.core.common.CommonExecutor.accessTestCaseMainPhase(CommonExecutor.java:65)
	at com.kms.katalon.core.main.TestSuiteExecutor.accessTestSuiteMainPhase(TestSuiteExecutor.java:148)
	at com.kms.katalon.core.main.TestSuiteExecutor.execute(TestSuiteExecutor.java:106)
	at com.kms.katalon.core.main.TestCaseMain.startTestSuite(TestCaseMain.java:187)
	at com.kms.katalon.core.main.TestCaseMain$startTestSuite$0.call(Unknown Source)
	at TempTestSuite1701274422176.run(TempTestSuite1701274422176.groovy:36)
)
	at com.kms.katalon.core.keyword.internal.KeywordMain.stepFailed(KeywordMain.groovy:39)
	at com.kms.katalon.core.webui.keyword.internal.WebUIKeywordMain.stepFailed(WebUIKeywordMain.groovy:64)
	at com.kms.katalon.core.webui.keyword.builtin.VerifyTextPresentKeyword$_verifyTextPresent_closure1.doCall(VerifyTextPresentKeyword.groovy:79)
	at com.kms.katalon.core.webui.keyword.builtin.VerifyTextPresentKeyword$_verifyTextPresent_closure1.call(VerifyTextPresentKeyword.groovy)
	at com.kms.katalon.core.webui.keyword.internal.WebUIKeywordMain.runKeyword(WebUIKeywordMain.groovy:20)
	at com.kms.katalon.core.webui.keyword.builtin.VerifyTextPresentKeyword.verifyTextPresent(VerifyTextPresentKeyword.groovy:83)
	at com.kms.katalon.core.webui.keyword.builtin.VerifyTextPresentKeyword.execute(VerifyTextPresentKeyword.groovy:68)
	at com.kms.katalon.core.keyword.internal.KeywordExecutor.executeKeywordForPlatform(KeywordExecutor.groovy:74)
	at com.kms.katalon.core.webui.keyword.WebUiBuiltInKeywords.verifyTextPresent(WebUiBuiltInKeywords.groovy:1707)
	at com.kms.katalon.core.webui.keyword.WebUiBuiltInKeywords$verifyTextPresent$6.call(Unknown Source)
	at CDT04 - RF01 - cadastro cliente - Verificar erros de preenchimento.run(CDT04 - RF01 - cadastro cliente - Verificar erros de preenchimento:56)
	at com.kms.katalon.core.main.ScriptEngine.run(ScriptEngine.java:194)
	at com.kms.katalon.core.main.ScriptEngine.runScriptAsRawText(ScriptEngine.java:119)
	at com.kms.katalon.core.main.TestCaseExecutor.runScript(TestCaseExecutor.java:448)
	at com.kms.katalon.core.main.TestCaseExecutor.doExecute(TestCaseExecutor.java:439)
	at com.kms.katalon.core.main.TestCaseExecutor.processExecutionPhase(TestCaseExecutor.java:418)
	at com.kms.katalon.core.main.TestCaseExecutor.accessMainPhase(TestCaseExecutor.java:410)
	at com.kms.katalon.core.main.TestCaseExecutor.execute(TestCaseExecutor.java:285)
	at com.kms.katalon.core.common.CommonExecutor.accessTestCaseMainPhase(CommonExecutor.java:65)
	at com.kms.katalon.core.main.TestSuiteExecutor.accessTestSuiteMainPhase(TestSuiteExecutor.java:148)
	at com.kms.katalon.core.main.TestSuiteExecutor.execute(TestSuiteExecutor.java:106)
	at com.kms.katalon.core.main.TestCaseMain.startTestSuite(TestCaseMain.java:187)
	at com.kms.katalon.core.main.TestCaseMain$startTestSuite$0.call(Unknown Source)
	at TempTestSuite1701274422176.run(TempTestSuite1701274422176.groovy:36)
Caused by: com.kms.katalon.core.exception.StepFailedException: Text 'Cadastro' is not present on page 
	... 23 more


2023-11-29 13:14:39 - [TEST_STEP][PASSED] - openBrowser("", CONTINUE_ON_FAILURE): Browser is opened with url: ''

2023-11-29 13:14:39 - [MESSAGE][INFO] - Starting 'Chrome' driver

2023-11-29 13:14:39 - [MESSAGE][INFO] - Action delay is set to 0 milliseconds

2023-11-29 13:14:41 - [MESSAGE][PASSED] - Browser is opened with url: ''

2023-11-29 13:14:41 - [TEST_STEP][PASSED] - navigateToUrl("http://localhost/pizzaWeb2.0/site/index.php", CONTINUE_ON_FAILURE): Navigate to 'http://localhost/pizzaWeb2.0/site/index.php' successfully

2023-11-29 13:14:43 - [MESSAGE][PASSED] - Navigate to 'http://localhost/pizzaWeb2.0/site/index.php' successfully

2023-11-29 13:14:43 - [TEST_STEP][PASSED] - click(findTestObject("Object Repository/CDT03 - CDT04 - CDT05/Page_PizzaWeb/a_Cadastre-se"), CONTINUE_ON_FAILURE): Object: 'Object Repository/CDT03 - CDT04 - CDT05/Page_PizzaWeb/a_Cadastre-se' is clicked on

2023-11-29 13:14:44 - [MESSAGE][PASSED] - Object: 'Object Repository/CDT03 - CDT04 - CDT05/Page_PizzaWeb/a_Cadastre-se' is clicked on

2023-11-29 13:14:44 - [TEST_STEP][PASSED] - callTestCase(findTestCase("CDT03 - cadastro simples"), ["nome":"teste", "email":"", "ddd":"11", "telefone":"222222222", "usuario":"", "senha":"teste", "repetir_senha":"teste", "rua":"rua ", ... ], CONTINUE_ON_FAILURE): Call Test Case 'Test Cases/CDT03 - cadastro simples' successfully

2023-11-29 13:14:44 - [TEST_CASE][PASSED] - Test Cases/CDT03 - cadastro simples: Test Cases/CDT03 - cadastro simples

2023-11-29 13:14:45 - [TEST_STEP][PASSED] - setText(findTestObject("Object Repository/CDT03 - CDT04 - CDT05/Page_/input_Nome_nomeCadastro"), nome, CONTINUE_ON_FAILURE): Text 'teste' is set on object 'Object Repository/CDT03 - CDT04 - CDT05/Page_/input_Nome_nomeCadastro'

2023-11-29 13:14:46 - [MESSAGE][PASSED] - Text 'teste' is set on object 'Object Repository/CDT03 - CDT04 - CDT05/Page_/input_Nome_nomeCadastro'

2023-11-29 13:14:46 - [TEST_STEP][PASSED] - setText(findTestObject("Object Repository/CDT03 - CDT04 - CDT05/Page_/input_E-mail_emailCadastro"), email, CONTINUE_ON_FAILURE): Text '' is set on object 'Object Repository/CDT03 - CDT04 - CDT05/Page_/input_E-mail_emailCadastro'

2023-11-29 13:14:46 - [MESSAGE][PASSED] - Text '' is set on object 'Object Repository/CDT03 - CDT04 - CDT05/Page_/input_E-mail_emailCadastro'

2023-11-29 13:14:46 - [TEST_STEP][PASSED] - setText(findTestObject("Object Repository/CDT03 - CDT04 - CDT05/Page_/input_DDD_dddTelCadastro"), ddd, CONTINUE_ON_FAILURE): Text '11' is set on object 'Object Repository/CDT03 - CDT04 - CDT05/Page_/input_DDD_dddTelCadastro'

2023-11-29 13:14:47 - [MESSAGE][PASSED] - Text '11' is set on object 'Object Repository/CDT03 - CDT04 - CDT05/Page_/input_DDD_dddTelCadastro'

2023-11-29 13:14:47 - [TEST_STEP][PASSED] - setText(findTestObject("Object Repository/CDT03 - CDT04 - CDT05/Page_/input_Telefone_telCadastro"), telefone, CONTINUE_ON_FAILURE): Text '222222222' is set on object 'Object Repository/CDT03 - CDT04 - CDT05/Page_/input_Telefone_telCadastro'

2023-11-29 13:14:48 - [MESSAGE][PASSED] - Text '222222222' is set on object 'Object Repository/CDT03 - CDT04 - CDT05/Page_/input_Telefone_telCadastro'

2023-11-29 13:14:48 - [TEST_STEP][PASSED] - setText(findTestObject("Object Repository/CDT03 - CDT04 - CDT05/Page_/input_Usurio_loginCadastro"), usuario, CONTINUE_ON_FAILURE): Text '' is set on object 'Object Repository/CDT03 - CDT04 - CDT05/Page_/input_Usurio_loginCadastro'

2023-11-29 13:14:49 - [MESSAGE][PASSED] - Text '' is set on object 'Object Repository/CDT03 - CDT04 - CDT05/Page_/input_Usurio_loginCadastro'

2023-11-29 13:14:49 - [TEST_STEP][PASSED] - setText(findTestObject("Object Repository/CDT03 - CDT04 - CDT05/Page_/input_Senha_senhaCadastro"), senha, CONTINUE_ON_FAILURE): Text 'teste' is set on object 'Object Repository/CDT03 - CDT04 - CDT05/Page_/input_Senha_senhaCadastro'

2023-11-29 13:14:50 - [MESSAGE][PASSED] - Text 'teste' is set on object 'Object Repository/CDT03 - CDT04 - CDT05/Page_/input_Senha_senhaCadastro'

2023-11-29 13:14:50 - [TEST_STEP][PASSED] - setText(findTestObject("Object Repository/CDT03 - CDT04 - CDT05/Page_/input_Repetir a senha_form-control"), repetir_senha, CONTINUE_ON_FAILURE): Text 'teste' is set on object 'Object Repository/CDT03 - CDT04 - CDT05/Page_/input_Repetir a senha_form-control'

2023-11-29 13:14:51 - [MESSAGE][PASSED] - Text 'teste' is set on object 'Object Repository/CDT03 - CDT04 - CDT05/Page_/input_Repetir a senha_form-control'

2023-11-29 13:14:51 - [TEST_STEP][PASSED] - setText(findTestObject("Object Repository/CDT03 - CDT04 - CDT05/Page_/input_RuaAv_ruaCadastro"), rua, CONTINUE_ON_FAILURE): Text 'rua ' is set on object 'Object Repository/CDT03 - CDT04 - CDT05/Page_/input_RuaAv_ruaCadastro'

2023-11-29 13:14:52 - [MESSAGE][PASSED] - Text 'rua ' is set on object 'Object Repository/CDT03 - CDT04 - CDT05/Page_/input_RuaAv_ruaCadastro'

2023-11-29 13:14:52 - [TEST_STEP][PASSED] - setText(findTestObject("Object Repository/CDT03 - CDT04 - CDT05/Page_/input_Nmero_numeroCadastro"), numero, CONTINUE_ON_FAILURE): Text '200' is set on object 'Object Repository/CDT03 - CDT04 - CDT05/Page_/input_Nmero_numeroCadastro'

2023-11-29 13:14:53 - [MESSAGE][PASSED] - Text '200' is set on object 'Object Repository/CDT03 - CDT04 - CDT05/Page_/input_Nmero_numeroCadastro'

2023-11-29 13:14:53 - [TEST_STEP][PASSED] - setText(findTestObject("Object Repository/CDT03 - CDT04 - CDT05/Page_/input_Bairro_bairroCadastro"), bairro, CONTINUE_ON_FAILURE): Text 'bairro' is set on object 'Object Repository/CDT03 - CDT04 - CDT05/Page_/input_Bairro_bairroCadastro'

2023-11-29 13:14:54 - [MESSAGE][PASSED] - Text 'bairro' is set on object 'Object Repository/CDT03 - CDT04 - CDT05/Page_/input_Bairro_bairroCadastro'

2023-11-29 13:14:54 - [TEST_STEP][PASSED] - setText(findTestObject("Object Repository/CDT03 - CDT04 - CDT05/Page_/input_Complemento_complementoCadastro"), complemento, CONTINUE_ON_FAILURE): Text 'complemento' is set on object 'Object Repository/CDT03 - CDT04 - CDT05/Page_/input_Complemento_complementoCadastro'

2023-11-29 13:14:55 - [MESSAGE][PASSED] - Text 'complemento' is set on object 'Object Repository/CDT03 - CDT04 - CDT05/Page_/input_Complemento_complementoCadastro'

2023-11-29 13:14:55 - [TEST_STEP][PASSED] - setText(findTestObject("Object Repository/CDT03 - CDT04 - CDT05/Page_/input_Cidade_cidadeCadastro"), cidade, CONTINUE_ON_FAILURE): Text 'Rio de Janeiro' is set on object 'Object Repository/CDT03 - CDT04 - CDT05/Page_/input_Cidade_cidadeCadastro'

2023-11-29 13:14:56 - [MESSAGE][PASSED] - Text 'Rio de Janeiro' is set on object 'Object Repository/CDT03 - CDT04 - CDT05/Page_/input_Cidade_cidadeCadastro'

2023-11-29 13:14:56 - [TEST_STEP][PASSED] - selectOptionByValue(findTestObject("Object Repository/CDT03 - CDT04 - CDT05/Page_/select_ALAPAMBACEDFESGOMAMTMSMGPAPBPRPEPIRR_4d941d"), uf, true, CONTINUE_ON_FAILURE): All options with value 'MG' are selected in object 'Object Repository/CDT03 - CDT04 - CDT05/Page_/select_ALAPAMBACEDFESGOMAMTMSMGPAPBPRPEPIRR_4d941d'  using regular expression

2023-11-29 13:14:58 - [MESSAGE][PASSED] - All options with value 'MG' are selected in object 'Object Repository/CDT03 - CDT04 - CDT05/Page_/select_ALAPAMBACEDFESGOMAMTMSMGPAPBPRPEPIRR_4d941d'  using regular expression

2023-11-29 13:14:58 - [MESSAGE][PASSED] - Call Test Case 'Test Cases/CDT03 - cadastro simples' successfully

2023-11-29 13:14:58 - [TEST_STEP][PASSED] - click(findTestObject("Object Repository/CDT03 - CDT04 - CDT05/Page_/button_Cadastrar"), CONTINUE_ON_FAILURE): Object: 'Object Repository/CDT03 - CDT04 - CDT05/Page_/button_Cadastrar' is clicked on

2023-11-29 13:14:58 - [MESSAGE][PASSED] - Object: 'Object Repository/CDT03 - CDT04 - CDT05/Page_/button_Cadastrar' is clicked on

2023-11-29 13:14:58 - [TEST_STEP][PASSED] - verifyTextPresent("Cadastro", false, CONTINUE_ON_FAILURE): Text 'Cadastro' is present on page 

2023-11-29 13:14:59 - [MESSAGE][PASSED] - Text 'Cadastro' is present on page 

2023-11-29 13:14:59 - [TEST_STEP][PASSED] - callTestCase(findTestCase("CDT03 - cadastro simples"), ["nome":"teste", "email":"email@email.com", "ddd":"11", "telefone":"222222222", "usuario":"admin", "senha":"teste", "repetir_senha":"teste", ... ], CONTINUE_ON_FAILURE): Call Test Case 'Test Cases/CDT03 - cadastro simples' successfully

2023-11-29 13:14:59 - [TEST_CASE][PASSED] - Test Cases/CDT03 - cadastro simples: Test Cases/CDT03 - cadastro simples

2023-11-29 13:14:59 - [TEST_STEP][PASSED] - setText(findTestObject("Object Repository/CDT03 - CDT04 - CDT05/Page_/input_Nome_nomeCadastro"), nome, CONTINUE_ON_FAILURE): Text 'teste' is set on object 'Object Repository/CDT03 - CDT04 - CDT05/Page_/input_Nome_nomeCadastro'

2023-11-29 13:15:00 - [MESSAGE][PASSED] - Text 'teste' is set on object 'Object Repository/CDT03 - CDT04 - CDT05/Page_/input_Nome_nomeCadastro'

2023-11-29 13:15:00 - [TEST_STEP][PASSED] - setText(findTestObject("Object Repository/CDT03 - CDT04 - CDT05/Page_/input_E-mail_emailCadastro"), email, CONTINUE_ON_FAILURE): Text 'email@email.com' is set on object 'Object Repository/CDT03 - CDT04 - CDT05/Page_/input_E-mail_emailCadastro'

2023-11-29 13:15:01 - [MESSAGE][PASSED] - Text 'email@email.com' is set on object 'Object Repository/CDT03 - CDT04 - CDT05/Page_/input_E-mail_emailCadastro'

2023-11-29 13:15:01 - [TEST_STEP][PASSED] - setText(findTestObject("Object Repository/CDT03 - CDT04 - CDT05/Page_/input_DDD_dddTelCadastro"), ddd, CONTINUE_ON_FAILURE): Text '11' is set on object 'Object Repository/CDT03 - CDT04 - CDT05/Page_/input_DDD_dddTelCadastro'

2023-11-29 13:15:01 - [MESSAGE][PASSED] - Text '11' is set on object 'Object Repository/CDT03 - CDT04 - CDT05/Page_/input_DDD_dddTelCadastro'

2023-11-29 13:15:01 - [TEST_STEP][PASSED] - setText(findTestObject("Object Repository/CDT03 - CDT04 - CDT05/Page_/input_Telefone_telCadastro"), telefone, CONTINUE_ON_FAILURE): Text '222222222' is set on object 'Object Repository/CDT03 - CDT04 - CDT05/Page_/input_Telefone_telCadastro'

2023-11-29 13:15:02 - [MESSAGE][PASSED] - Text '222222222' is set on object 'Object Repository/CDT03 - CDT04 - CDT05/Page_/input_Telefone_telCadastro'

2023-11-29 13:15:02 - [TEST_STEP][PASSED] - setText(findTestObject("Object Repository/CDT03 - CDT04 - CDT05/Page_/input_Usurio_loginCadastro"), usuario, CONTINUE_ON_FAILURE): Text 'admin' is set on object 'Object Repository/CDT03 - CDT04 - CDT05/Page_/input_Usurio_loginCadastro'

2023-11-29 13:15:03 - [MESSAGE][PASSED] - Text 'admin' is set on object 'Object Repository/CDT03 - CDT04 - CDT05/Page_/input_Usurio_loginCadastro'

2023-11-29 13:15:03 - [TEST_STEP][PASSED] - setText(findTestObject("Object Repository/CDT03 - CDT04 - CDT05/Page_/input_Senha_senhaCadastro"), senha, CONTINUE_ON_FAILURE): Text 'teste' is set on object 'Object Repository/CDT03 - CDT04 - CDT05/Page_/input_Senha_senhaCadastro'

2023-11-29 13:15:04 - [MESSAGE][PASSED] - Text 'teste' is set on object 'Object Repository/CDT03 - CDT04 - CDT05/Page_/input_Senha_senhaCadastro'

2023-11-29 13:15:04 - [TEST_STEP][PASSED] - setText(findTestObject("Object Repository/CDT03 - CDT04 - CDT05/Page_/input_Repetir a senha_form-control"), repetir_senha, CONTINUE_ON_FAILURE): Text 'teste' is set on object 'Object Repository/CDT03 - CDT04 - CDT05/Page_/input_Repetir a senha_form-control'

2023-11-29 13:15:05 - [MESSAGE][PASSED] - Text 'teste' is set on object 'Object Repository/CDT03 - CDT04 - CDT05/Page_/input_Repetir a senha_form-control'

2023-11-29 13:15:05 - [TEST_STEP][PASSED] - setText(findTestObject("Object Repository/CDT03 - CDT04 - CDT05/Page_/input_RuaAv_ruaCadastro"), rua, CONTINUE_ON_FAILURE): Text 'rua ' is set on object 'Object Repository/CDT03 - CDT04 - CDT05/Page_/input_RuaAv_ruaCadastro'

2023-11-29 13:15:06 - [MESSAGE][PASSED] - Text 'rua ' is set on object 'Object Repository/CDT03 - CDT04 - CDT05/Page_/input_RuaAv_ruaCadastro'

2023-11-29 13:15:06 - [TEST_STEP][PASSED] - setText(findTestObject("Object Repository/CDT03 - CDT04 - CDT05/Page_/input_Nmero_numeroCadastro"), numero, CONTINUE_ON_FAILURE): Text '200' is set on object 'Object Repository/CDT03 - CDT04 - CDT05/Page_/input_Nmero_numeroCadastro'

2023-11-29 13:15:07 - [MESSAGE][PASSED] - Text '200' is set on object 'Object Repository/CDT03 - CDT04 - CDT05/Page_/input_Nmero_numeroCadastro'

2023-11-29 13:15:07 - [TEST_STEP][PASSED] - setText(findTestObject("Object Repository/CDT03 - CDT04 - CDT05/Page_/input_Bairro_bairroCadastro"), bairro, CONTINUE_ON_FAILURE): Text 'bairro' is set on object 'Object Repository/CDT03 - CDT04 - CDT05/Page_/input_Bairro_bairroCadastro'

2023-11-29 13:15:08 - [MESSAGE][PASSED] - Text 'bairro' is set on object 'Object Repository/CDT03 - CDT04 - CDT05/Page_/input_Bairro_bairroCadastro'

2023-11-29 13:15:08 - [TEST_STEP][PASSED] - setText(findTestObject("Object Repository/CDT03 - CDT04 - CDT05/Page_/input_Complemento_complementoCadastro"), complemento, CONTINUE_ON_FAILURE): Text 'complemento' is set on object 'Object Repository/CDT03 - CDT04 - CDT05/Page_/input_Complemento_complementoCadastro'

2023-11-29 13:15:08 - [MESSAGE][PASSED] - Text 'complemento' is set on object 'Object Repository/CDT03 - CDT04 - CDT05/Page_/input_Complemento_complementoCadastro'

2023-11-29 13:15:08 - [TEST_STEP][PASSED] - setText(findTestObject("Object Repository/CDT03 - CDT04 - CDT05/Page_/input_Cidade_cidadeCadastro"), cidade, CONTINUE_ON_FAILURE): Text 'Rio de Janeiro' is set on object 'Object Repository/CDT03 - CDT04 - CDT05/Page_/input_Cidade_cidadeCadastro'

2023-11-29 13:15:09 - [MESSAGE][PASSED] - Text 'Rio de Janeiro' is set on object 'Object Repository/CDT03 - CDT04 - CDT05/Page_/input_Cidade_cidadeCadastro'

2023-11-29 13:15:09 - [TEST_STEP][PASSED] - selectOptionByValue(findTestObject("Object Repository/CDT03 - CDT04 - CDT05/Page_/select_ALAPAMBACEDFESGOMAMTMSMGPAPBPRPEPIRR_4d941d"), uf, true, CONTINUE_ON_FAILURE): All options with value 'MG' are selected in object 'Object Repository/CDT03 - CDT04 - CDT05/Page_/select_ALAPAMBACEDFESGOMAMTMSMGPAPBPRPEPIRR_4d941d'  using regular expression

2023-11-29 13:15:12 - [MESSAGE][PASSED] - All options with value 'MG' are selected in object 'Object Repository/CDT03 - CDT04 - CDT05/Page_/select_ALAPAMBACEDFESGOMAMTMSMGPAPBPRPEPIRR_4d941d'  using regular expression

2023-11-29 13:15:12 - [MESSAGE][PASSED] - Call Test Case 'Test Cases/CDT03 - cadastro simples' successfully

2023-11-29 13:15:12 - [TEST_STEP][PASSED] - click(findTestObject("Object Repository/CDT03 - CDT04 - CDT05/Page_/button_Cadastrar"), CONTINUE_ON_FAILURE): Object: 'Object Repository/CDT03 - CDT04 - CDT05/Page_/button_Cadastrar' is clicked on

2023-11-29 13:15:12 - [MESSAGE][PASSED] - Object: 'Object Repository/CDT03 - CDT04 - CDT05/Page_/button_Cadastrar' is clicked on

2023-11-29 13:15:12 - [TEST_STEP][PASSED] - verifyTextPresent("Nome de usuário reservado!", false, CONTINUE_ON_FAILURE): Text 'Nome de usuário reservado!' is present on page 

2023-11-29 13:15:13 - [MESSAGE][PASSED] - Text 'Nome de usuário reservado!' is present on page 

2023-11-29 13:15:13 - [TEST_STEP][PASSED] - click(findTestObject("Object Repository/CDT03 - CDT04 - CDT05/Page_/button_OK"), CONTINUE_ON_FAILURE): Object: 'Object Repository/CDT03 - CDT04 - CDT05/Page_/button_OK' is clicked on

2023-11-29 13:15:13 - [MESSAGE][PASSED] - Object: 'Object Repository/CDT03 - CDT04 - CDT05/Page_/button_OK' is clicked on

2023-11-29 13:15:13 - [TEST_STEP][PASSED] - callTestCase(findTestCase("CDT03 - cadastro simples"), ["nome":"teste", "email":"teste@gmail.com", "ddd":"11", "telefone":"222222222", "usuario":"teste", "senha":"teste", "repetir_senha":"diferente", ... ], CONTINUE_ON_FAILURE): Call Test Case 'Test Cases/CDT03 - cadastro simples' successfully

2023-11-29 13:15:14 - [TEST_CASE][PASSED] - Test Cases/CDT03 - cadastro simples: Test Cases/CDT03 - cadastro simples

2023-11-29 13:15:14 - [TEST_STEP][PASSED] - setText(findTestObject("Object Repository/CDT03 - CDT04 - CDT05/Page_/input_Nome_nomeCadastro"), nome, CONTINUE_ON_FAILURE): Text 'teste' is set on object 'Object Repository/CDT03 - CDT04 - CDT05/Page_/input_Nome_nomeCadastro'

2023-11-29 13:15:15 - [MESSAGE][PASSED] - Text 'teste' is set on object 'Object Repository/CDT03 - CDT04 - CDT05/Page_/input_Nome_nomeCadastro'

2023-11-29 13:15:15 - [TEST_STEP][PASSED] - setText(findTestObject("Object Repository/CDT03 - CDT04 - CDT05/Page_/input_E-mail_emailCadastro"), email, CONTINUE_ON_FAILURE): Text 'teste@gmail.com' is set on object 'Object Repository/CDT03 - CDT04 - CDT05/Page_/input_E-mail_emailCadastro'

2023-11-29 13:15:15 - [MESSAGE][PASSED] - Text 'teste@gmail.com' is set on object 'Object Repository/CDT03 - CDT04 - CDT05/Page_/input_E-mail_emailCadastro'

2023-11-29 13:15:15 - [TEST_STEP][PASSED] - setText(findTestObject("Object Repository/CDT03 - CDT04 - CDT05/Page_/input_DDD_dddTelCadastro"), ddd, CONTINUE_ON_FAILURE): Text '11' is set on object 'Object Repository/CDT03 - CDT04 - CDT05/Page_/input_DDD_dddTelCadastro'

2023-11-29 13:15:16 - [MESSAGE][PASSED] - Text '11' is set on object 'Object Repository/CDT03 - CDT04 - CDT05/Page_/input_DDD_dddTelCadastro'

2023-11-29 13:15:16 - [TEST_STEP][PASSED] - setText(findTestObject("Object Repository/CDT03 - CDT04 - CDT05/Page_/input_Telefone_telCadastro"), telefone, CONTINUE_ON_FAILURE): Text '222222222' is set on object 'Object Repository/CDT03 - CDT04 - CDT05/Page_/input_Telefone_telCadastro'

2023-11-29 13:15:17 - [MESSAGE][PASSED] - Text '222222222' is set on object 'Object Repository/CDT03 - CDT04 - CDT05/Page_/input_Telefone_telCadastro'

2023-11-29 13:15:17 - [TEST_STEP][PASSED] - setText(findTestObject("Object Repository/CDT03 - CDT04 - CDT05/Page_/input_Usurio_loginCadastro"), usuario, CONTINUE_ON_FAILURE): Text 'teste' is set on object 'Object Repository/CDT03 - CDT04 - CDT05/Page_/input_Usurio_loginCadastro'

2023-11-29 13:15:18 - [MESSAGE][PASSED] - Text 'teste' is set on object 'Object Repository/CDT03 - CDT04 - CDT05/Page_/input_Usurio_loginCadastro'

2023-11-29 13:15:18 - [TEST_STEP][PASSED] - setText(findTestObject("Object Repository/CDT03 - CDT04 - CDT05/Page_/input_Senha_senhaCadastro"), senha, CONTINUE_ON_FAILURE): Text 'teste' is set on object 'Object Repository/CDT03 - CDT04 - CDT05/Page_/input_Senha_senhaCadastro'

2023-11-29 13:15:19 - [MESSAGE][PASSED] - Text 'teste' is set on object 'Object Repository/CDT03 - CDT04 - CDT05/Page_/input_Senha_senhaCadastro'

2023-11-29 13:15:19 - [TEST_STEP][PASSED] - setText(findTestObject("Object Repository/CDT03 - CDT04 - CDT05/Page_/input_Repetir a senha_form-control"), repetir_senha, CONTINUE_ON_FAILURE): Text 'diferente' is set on object 'Object Repository/CDT03 - CDT04 - CDT05/Page_/input_Repetir a senha_form-control'

2023-11-29 13:15:20 - [MESSAGE][PASSED] - Text 'diferente' is set on object 'Object Repository/CDT03 - CDT04 - CDT05/Page_/input_Repetir a senha_form-control'

2023-11-29 13:15:20 - [TEST_STEP][PASSED] - setText(findTestObject("Object Repository/CDT03 - CDT04 - CDT05/Page_/input_RuaAv_ruaCadastro"), rua, CONTINUE_ON_FAILURE): Text 'rua ' is set on object 'Object Repository/CDT03 - CDT04 - CDT05/Page_/input_RuaAv_ruaCadastro'

2023-11-29 13:15:21 - [MESSAGE][PASSED] - Text 'rua ' is set on object 'Object Repository/CDT03 - CDT04 - CDT05/Page_/input_RuaAv_ruaCadastro'

2023-11-29 13:15:21 - [TEST_STEP][PASSED] - setText(findTestObject("Object Repository/CDT03 - CDT04 - CDT05/Page_/input_Nmero_numeroCadastro"), numero, CONTINUE_ON_FAILURE): Text '200' is set on object 'Object Repository/CDT03 - CDT04 - CDT05/Page_/input_Nmero_numeroCadastro'

2023-11-29 13:15:22 - [MESSAGE][PASSED] - Text '200' is set on object 'Object Repository/CDT03 - CDT04 - CDT05/Page_/input_Nmero_numeroCadastro'

2023-11-29 13:15:22 - [TEST_STEP][PASSED] - setText(findTestObject("Object Repository/CDT03 - CDT04 - CDT05/Page_/input_Bairro_bairroCadastro"), bairro, CONTINUE_ON_FAILURE): Text 'bairro' is set on object 'Object Repository/CDT03 - CDT04 - CDT05/Page_/input_Bairro_bairroCadastro'

2023-11-29 13:15:22 - [MESSAGE][PASSED] - Text 'bairro' is set on object 'Object Repository/CDT03 - CDT04 - CDT05/Page_/input_Bairro_bairroCadastro'

2023-11-29 13:15:22 - [TEST_STEP][PASSED] - setText(findTestObject("Object Repository/CDT03 - CDT04 - CDT05/Page_/input_Complemento_complementoCadastro"), complemento, CONTINUE_ON_FAILURE): Text 'complemento' is set on object 'Object Repository/CDT03 - CDT04 - CDT05/Page_/input_Complemento_complementoCadastro'

2023-11-29 13:15:23 - [MESSAGE][PASSED] - Text 'complemento' is set on object 'Object Repository/CDT03 - CDT04 - CDT05/Page_/input_Complemento_complementoCadastro'

2023-11-29 13:15:23 - [TEST_STEP][PASSED] - setText(findTestObject("Object Repository/CDT03 - CDT04 - CDT05/Page_/input_Cidade_cidadeCadastro"), cidade, CONTINUE_ON_FAILURE): Text 'Rio de Janeiro' is set on object 'Object Repository/CDT03 - CDT04 - CDT05/Page_/input_Cidade_cidadeCadastro'

2023-11-29 13:15:24 - [MESSAGE][PASSED] - Text 'Rio de Janeiro' is set on object 'Object Repository/CDT03 - CDT04 - CDT05/Page_/input_Cidade_cidadeCadastro'

2023-11-29 13:15:24 - [TEST_STEP][PASSED] - selectOptionByValue(findTestObject("Object Repository/CDT03 - CDT04 - CDT05/Page_/select_ALAPAMBACEDFESGOMAMTMSMGPAPBPRPEPIRR_4d941d"), uf, true, CONTINUE_ON_FAILURE): All options with value 'MG' are selected in object 'Object Repository/CDT03 - CDT04 - CDT05/Page_/select_ALAPAMBACEDFESGOMAMTMSMGPAPBPRPEPIRR_4d941d'  using regular expression

2023-11-29 13:15:26 - [MESSAGE][PASSED] - All options with value 'MG' are selected in object 'Object Repository/CDT03 - CDT04 - CDT05/Page_/select_ALAPAMBACEDFESGOMAMTMSMGPAPBPRPEPIRR_4d941d'  using regular expression

2023-11-29 13:15:26 - [MESSAGE][PASSED] - Call Test Case 'Test Cases/CDT03 - cadastro simples' successfully

2023-11-29 13:15:26 - [TEST_STEP][PASSED] - click(findTestObject("Object Repository/CDT03 - CDT04 - CDT05/Page_/button_Cadastrar"), CONTINUE_ON_FAILURE): Object: 'Object Repository/CDT03 - CDT04 - CDT05/Page_/button_Cadastrar' is clicked on

2023-11-29 13:15:27 - [MESSAGE][PASSED] - Object: 'Object Repository/CDT03 - CDT04 - CDT05/Page_/button_Cadastrar' is clicked on

2023-11-29 13:15:27 - [TEST_STEP][FAILED] - verifyTextPresent("Cadastro", false, CONTINUE_ON_FAILURE): Text 'Cadastro' is not present on page  (Root cause: com.kms.katalon.core.exception.StepFailedException: Text 'Cadastro' is not present on page 
	at com.kms.katalon.core.webui.keyword.internal.WebUIKeywordMain.stepFailed(WebUIKeywordMain.groovy:64)
	at com.kms.katalon.core.webui.keyword.builtin.VerifyTextPresentKeyword$_verifyTextPresent_closure1.doCall(VerifyTextPresentKeyword.groovy:79)
	at com.kms.katalon.core.webui.keyword.builtin.VerifyTextPresentKeyword$_verifyTextPresent_closure1.call(VerifyTextPresentKeyword.groovy)
	at com.kms.katalon.core.webui.keyword.internal.WebUIKeywordMain.runKeyword(WebUIKeywordMain.groovy:20)
	at com.kms.katalon.core.webui.keyword.builtin.VerifyTextPresentKeyword.verifyTextPresent(VerifyTextPresentKeyword.groovy:83)
	at com.kms.katalon.core.webui.keyword.builtin.VerifyTextPresentKeyword.execute(VerifyTextPresentKeyword.groovy:68)
	at com.kms.katalon.core.keyword.internal.KeywordExecutor.executeKeywordForPlatform(KeywordExecutor.groovy:74)
	at com.kms.katalon.core.webui.keyword.WebUiBuiltInKeywords.verifyTextPresent(WebUiBuiltInKeywords.groovy:1707)
	at com.kms.katalon.core.webui.keyword.WebUiBuiltInKeywords$verifyTextPresent$6.call(Unknown Source)
	at CDT04 - RF01 - cadastro cliente - Verificar erros de preenchimento.run(CDT04 - RF01 - cadastro cliente - Verificar erros de preenchimento:56)
	at com.kms.katalon.core.main.ScriptEngine.run(ScriptEngine.java:194)
	at com.kms.katalon.core.main.ScriptEngine.runScriptAsRawText(ScriptEngine.java:119)
	at com.kms.katalon.core.main.TestCaseExecutor.runScript(TestCaseExecutor.java:448)
	at com.kms.katalon.core.main.TestCaseExecutor.doExecute(TestCaseExecutor.java:439)
	at com.kms.katalon.core.main.TestCaseExecutor.processExecutionPhase(TestCaseExecutor.java:418)
	at com.kms.katalon.core.main.TestCaseExecutor.accessMainPhase(TestCaseExecutor.java:410)
	at com.kms.katalon.core.main.TestCaseExecutor.execute(TestCaseExecutor.java:285)
	at com.kms.katalon.core.common.CommonExecutor.accessTestCaseMainPhase(CommonExecutor.java:65)
	at com.kms.katalon.core.main.TestSuiteExecutor.accessTestSuiteMainPhase(TestSuiteExecutor.java:148)
	at com.kms.katalon.core.main.TestSuiteExecutor.execute(TestSuiteExecutor.java:106)
	at com.kms.katalon.core.main.TestCaseMain.startTestSuite(TestCaseMain.java:187)
	at com.kms.katalon.core.main.TestCaseMain$startTestSuite$0.call(Unknown Source)
	at TempTestSuite1701274422176.run(TempTestSuite1701274422176.groovy:36)
)

2023-11-29 13:15:28 - [MESSAGE][FAILED] - Text 'Cadastro' is not present on page  (Root cause: com.kms.katalon.core.exception.StepFailedException: Text 'Cadastro' is not present on page 
	at com.kms.katalon.core.webui.keyword.internal.WebUIKeywordMain.stepFailed(WebUIKeywordMain.groovy:64)
	at com.kms.katalon.core.webui.keyword.builtin.VerifyTextPresentKeyword$_verifyTextPresent_closure1.doCall(VerifyTextPresentKeyword.groovy:79)
	at com.kms.katalon.core.webui.keyword.builtin.VerifyTextPresentKeyword$_verifyTextPresent_closure1.call(VerifyTextPresentKeyword.groovy)
	at com.kms.katalon.core.webui.keyword.internal.WebUIKeywordMain.runKeyword(WebUIKeywordMain.groovy:20)
	at com.kms.katalon.core.webui.keyword.builtin.VerifyTextPresentKeyword.verifyTextPresent(VerifyTextPresentKeyword.groovy:83)
	at com.kms.katalon.core.webui.keyword.builtin.VerifyTextPresentKeyword.execute(VerifyTextPresentKeyword.groovy:68)
	at com.kms.katalon.core.keyword.internal.KeywordExecutor.executeKeywordForPlatform(KeywordExecutor.groovy:74)
	at com.kms.katalon.core.webui.keyword.WebUiBuiltInKeywords.verifyTextPresent(WebUiBuiltInKeywords.groovy:1707)
	at com.kms.katalon.core.webui.keyword.WebUiBuiltInKeywords$verifyTextPresent$6.call(Unknown Source)
	at CDT04 - RF01 - cadastro cliente - Verificar erros de preenchimento.run(CDT04 - RF01 - cadastro cliente - Verificar erros de preenchimento:56)
	at com.kms.katalon.core.main.ScriptEngine.run(ScriptEngine.java:194)
	at com.kms.katalon.core.main.ScriptEngine.runScriptAsRawText(ScriptEngine.java:119)
	at com.kms.katalon.core.main.TestCaseExecutor.runScript(TestCaseExecutor.java:448)
	at com.kms.katalon.core.main.TestCaseExecutor.doExecute(TestCaseExecutor.java:439)
	at com.kms.katalon.core.main.TestCaseExecutor.processExecutionPhase(TestCaseExecutor.java:418)
	at com.kms.katalon.core.main.TestCaseExecutor.accessMainPhase(TestCaseExecutor.java:410)
	at com.kms.katalon.core.main.TestCaseExecutor.execute(TestCaseExecutor.java:285)
	at com.kms.katalon.core.common.CommonExecutor.accessTestCaseMainPhase(CommonExecutor.java:65)
	at com.kms.katalon.core.main.TestSuiteExecutor.accessTestSuiteMainPhase(TestSuiteExecutor.java:148)
	at com.kms.katalon.core.main.TestSuiteExecutor.execute(TestSuiteExecutor.java:106)
	at com.kms.katalon.core.main.TestCaseMain.startTestSuite(TestCaseMain.java:187)
	at com.kms.katalon.core.main.TestCaseMain$startTestSuite$0.call(Unknown Source)
	at TempTestSuite1701274422176.run(TempTestSuite1701274422176.groovy:36)
)

2023-11-29 13:15:28 - [TEST_STEP][PASSED] - closeBrowser(CONTINUE_ON_FAILURE): Browser is closed

2023-11-29 13:15:29 - [MESSAGE][PASSED] - Browser is closed]]></system-out>
         <system-err><![CDATA[2023-11-29 13:14:38 - [TEST_CASE][FAILED] - Test Cases/CDT04 - RF01 - cadastro cliente - Verificar erros de preenchimento: Test Cases/CDT04 - RF01 - cadastro cliente - Verificar erros de preenchimento FAILED.
Reason:
com.kms.katalon.core.exception.StepFailedException: Text 'Cadastro' is not present on page  (Root cause: com.kms.katalon.core.exception.StepFailedException: Text 'Cadastro' is not present on page 
	at com.kms.katalon.core.webui.keyword.internal.WebUIKeywordMain.stepFailed(WebUIKeywordMain.groovy:64)
	at com.kms.katalon.core.webui.keyword.builtin.VerifyTextPresentKeyword$_verifyTextPresent_closure1.doCall(VerifyTextPresentKeyword.groovy:79)
	at com.kms.katalon.core.webui.keyword.builtin.VerifyTextPresentKeyword$_verifyTextPresent_closure1.call(VerifyTextPresentKeyword.groovy)
	at com.kms.katalon.core.webui.keyword.internal.WebUIKeywordMain.runKeyword(WebUIKeywordMain.groovy:20)
	at com.kms.katalon.core.webui.keyword.builtin.VerifyTextPresentKeyword.verifyTextPresent(VerifyTextPresentKeyword.groovy:83)
	at com.kms.katalon.core.webui.keyword.builtin.VerifyTextPresentKeyword.execute(VerifyTextPresentKeyword.groovy:68)
	at com.kms.katalon.core.keyword.internal.KeywordExecutor.executeKeywordForPlatform(KeywordExecutor.groovy:74)
	at com.kms.katalon.core.webui.keyword.WebUiBuiltInKeywords.verifyTextPresent(WebUiBuiltInKeywords.groovy:1707)
	at com.kms.katalon.core.webui.keyword.WebUiBuiltInKeywords$verifyTextPresent$6.call(Unknown Source)
	at CDT04 - RF01 - cadastro cliente - Verificar erros de preenchimento.run(CDT04 - RF01 - cadastro cliente - Verificar erros de preenchimento:56)
	at com.kms.katalon.core.main.ScriptEngine.run(ScriptEngine.java:194)
	at com.kms.katalon.core.main.ScriptEngine.runScriptAsRawText(ScriptEngine.java:119)
	at com.kms.katalon.core.main.TestCaseExecutor.runScript(TestCaseExecutor.java:448)
	at com.kms.katalon.core.main.TestCaseExecutor.doExecute(TestCaseExecutor.java:439)
	at com.kms.katalon.core.main.TestCaseExecutor.processExecutionPhase(TestCaseExecutor.java:418)
	at com.kms.katalon.core.main.TestCaseExecutor.accessMainPhase(TestCaseExecutor.java:410)
	at com.kms.katalon.core.main.TestCaseExecutor.execute(TestCaseExecutor.java:285)
	at com.kms.katalon.core.common.CommonExecutor.accessTestCaseMainPhase(CommonExecutor.java:65)
	at com.kms.katalon.core.main.TestSuiteExecutor.accessTestSuiteMainPhase(TestSuiteExecutor.java:148)
	at com.kms.katalon.core.main.TestSuiteExecutor.execute(TestSuiteExecutor.java:106)
	at com.kms.katalon.core.main.TestCaseMain.startTestSuite(TestCaseMain.java:187)
	at com.kms.katalon.core.main.TestCaseMain$startTestSuite$0.call(Unknown Source)
	at TempTestSuite1701274422176.run(TempTestSuite1701274422176.groovy:36)
)
	at com.kms.katalon.core.keyword.internal.KeywordMain.stepFailed(KeywordMain.groovy:39)
	at com.kms.katalon.core.webui.keyword.internal.WebUIKeywordMain.stepFailed(WebUIKeywordMain.groovy:64)
	at com.kms.katalon.core.webui.keyword.builtin.VerifyTextPresentKeyword$_verifyTextPresent_closure1.doCall(VerifyTextPresentKeyword.groovy:79)
	at com.kms.katalon.core.webui.keyword.builtin.VerifyTextPresentKeyword$_verifyTextPresent_closure1.call(VerifyTextPresentKeyword.groovy)
	at com.kms.katalon.core.webui.keyword.internal.WebUIKeywordMain.runKeyword(WebUIKeywordMain.groovy:20)
	at com.kms.katalon.core.webui.keyword.builtin.VerifyTextPresentKeyword.verifyTextPresent(VerifyTextPresentKeyword.groovy:83)
	at com.kms.katalon.core.webui.keyword.builtin.VerifyTextPresentKeyword.execute(VerifyTextPresentKeyword.groovy:68)
	at com.kms.katalon.core.keyword.internal.KeywordExecutor.executeKeywordForPlatform(KeywordExecutor.groovy:74)
	at com.kms.katalon.core.webui.keyword.WebUiBuiltInKeywords.verifyTextPresent(WebUiBuiltInKeywords.groovy:1707)
	at com.kms.katalon.core.webui.keyword.WebUiBuiltInKeywords$verifyTextPresent$6.call(Unknown Source)
	at CDT04 - RF01 - cadastro cliente - Verificar erros de preenchimento.run(CDT04 - RF01 - cadastro cliente - Verificar erros de preenchimento:56)
	at com.kms.katalon.core.main.ScriptEngine.run(ScriptEngine.java:194)
	at com.kms.katalon.core.main.ScriptEngine.runScriptAsRawText(ScriptEngine.java:119)
	at com.kms.katalon.core.main.TestCaseExecutor.runScript(TestCaseExecutor.java:448)
	at com.kms.katalon.core.main.TestCaseExecutor.doExecute(TestCaseExecutor.java:439)
	at com.kms.katalon.core.main.TestCaseExecutor.processExecutionPhase(TestCaseExecutor.java:418)
	at com.kms.katalon.core.main.TestCaseExecutor.accessMainPhase(TestCaseExecutor.java:410)
	at com.kms.katalon.core.main.TestCaseExecutor.execute(TestCaseExecutor.java:285)
	at com.kms.katalon.core.common.CommonExecutor.accessTestCaseMainPhase(CommonExecutor.java:65)
	at com.kms.katalon.core.main.TestSuiteExecutor.accessTestSuiteMainPhase(TestSuiteExecutor.java:148)
	at com.kms.katalon.core.main.TestSuiteExecutor.execute(TestSuiteExecutor.java:106)
	at com.kms.katalon.core.main.TestCaseMain.startTestSuite(TestCaseMain.java:187)
	at com.kms.katalon.core.main.TestCaseMain$startTestSuite$0.call(Unknown Source)
	at TempTestSuite1701274422176.run(TempTestSuite1701274422176.groovy:36)
Caused by: com.kms.katalon.core.exception.StepFailedException: Text 'Cadastro' is not present on page 
	... 23 more]]></system-err>
      </testcase>
      <testcase name="Test Cases/CDT05 - RF01 - cadastro cliente - Verificar sucesso e usuarios repetidos" time="41.508" classname="Test Cases/CDT05 - RF01 - cadastro cliente - Verificar sucesso e usuarios repetidos" status="FAILED">
         <failure type="FAILED" message="Test Cases/CDT05 - RF01 - cadastro cliente - Verificar sucesso e usuarios repetidos FAILED.
Reason:
com.kms.katalon.core.exception.StepFailedException: Text 'Cadastro' is not present on page  (Root cause: com.kms.katalon.core.exception.StepFailedException: Text 'Cadastro' is not present on page 
	at com.kms.katalon.core.webui.keyword.internal.WebUIKeywordMain.stepFailed(WebUIKeywordMain.groovy:64)
	at com.kms.katalon.core.webui.keyword.builtin.VerifyTextPresentKeyword$_verifyTextPresent_closure1.doCall(VerifyTextPresentKeyword.groovy:79)
	at com.kms.katalon.core.webui.keyword.builtin.VerifyTextPresentKeyword$_verifyTextPresent_closure1.call(VerifyTextPresentKeyword.groovy)
	at com.kms.katalon.core.webui.keyword.internal.WebUIKeywordMain.runKeyword(WebUIKeywordMain.groovy:20)
	at com.kms.katalon.core.webui.keyword.builtin.VerifyTextPresentKeyword.verifyTextPresent(VerifyTextPresentKeyword.groovy:83)
	at com.kms.katalon.core.webui.keyword.builtin.VerifyTextPresentKeyword.execute(VerifyTextPresentKeyword.groovy:68)
	at com.kms.katalon.core.keyword.internal.KeywordExecutor.executeKeywordForPlatform(KeywordExecutor.groovy:74)
	at com.kms.katalon.core.webui.keyword.WebUiBuiltInKeywords.verifyTextPresent(WebUiBuiltInKeywords.groovy:1707)
	at com.kms.katalon.core.webui.keyword.WebUiBuiltInKeywords$verifyTextPresent$6.call(Unknown Source)
	at CDT05 - RF01 - cadastro cliente - Verificar sucesso e usuarios repetidos.run(CDT05 - RF01 - cadastro cliente - Verificar sucesso e usuarios repetidos:53)
	at com.kms.katalon.core.main.ScriptEngine.run(ScriptEngine.java:194)
	at com.kms.katalon.core.main.ScriptEngine.runScriptAsRawText(ScriptEngine.java:119)
	at com.kms.katalon.core.main.TestCaseExecutor.runScript(TestCaseExecutor.java:448)
	at com.kms.katalon.core.main.TestCaseExecutor.doExecute(TestCaseExecutor.java:439)
	at com.kms.katalon.core.main.TestCaseExecutor.processExecutionPhase(TestCaseExecutor.java:418)
	at com.kms.katalon.core.main.TestCaseExecutor.accessMainPhase(TestCaseExecutor.java:410)
	at com.kms.katalon.core.main.TestCaseExecutor.execute(TestCaseExecutor.java:285)
	at com.kms.katalon.core.common.CommonExecutor.accessTestCaseMainPhase(CommonExecutor.java:65)
	at com.kms.katalon.core.main.TestSuiteExecutor.accessTestSuiteMainPhase(TestSuiteExecutor.java:148)
	at com.kms.katalon.core.main.TestSuiteExecutor.execute(TestSuiteExecutor.java:106)
	at com.kms.katalon.core.main.TestCaseMain.startTestSuite(TestCaseMain.java:187)
	at com.kms.katalon.core.main.TestCaseMain$startTestSuite$0.call(Unknown Source)
	at TempTestSuite1701274422176.run(TempTestSuite1701274422176.groovy:36)
)
	at com.kms.katalon.core.keyword.internal.KeywordMain.stepFailed(KeywordMain.groovy:39)
	at com.kms.katalon.core.webui.keyword.internal.WebUIKeywordMain.stepFailed(WebUIKeywordMain.groovy:64)
	at com.kms.katalon.core.webui.keyword.builtin.VerifyTextPresentKeyword$_verifyTextPresent_closure1.doCall(VerifyTextPresentKeyword.groovy:79)
	at com.kms.katalon.core.webui.keyword.builtin.VerifyTextPresentKeyword$_verifyTextPresent_closure1.call(VerifyTextPresentKeyword.groovy)
	at com.kms.katalon.core.webui.keyword.internal.WebUIKeywordMain.runKeyword(WebUIKeywordMain.groovy:20)
	at com.kms.katalon.core.webui.keyword.builtin.VerifyTextPresentKeyword.verifyTextPresent(VerifyTextPresentKeyword.groovy:83)
	at com.kms.katalon.core.webui.keyword.builtin.VerifyTextPresentKeyword.execute(VerifyTextPresentKeyword.groovy:68)
	at com.kms.katalon.core.keyword.internal.KeywordExecutor.executeKeywordForPlatform(KeywordExecutor.groovy:74)
	at com.kms.katalon.core.webui.keyword.WebUiBuiltInKeywords.verifyTextPresent(WebUiBuiltInKeywords.groovy:1707)
	at com.kms.katalon.core.webui.keyword.WebUiBuiltInKeywords$verifyTextPresent$6.call(Unknown Source)
	at CDT05 - RF01 - cadastro cliente - Verificar sucesso e usuarios repetidos.run(CDT05 - RF01 - cadastro cliente - Verificar sucesso e usuarios repetidos:53)
	at com.kms.katalon.core.main.ScriptEngine.run(ScriptEngine.java:194)
	at com.kms.katalon.core.main.ScriptEngine.runScriptAsRawText(ScriptEngine.java:119)
	at com.kms.katalon.core.main.TestCaseExecutor.runScript(TestCaseExecutor.java:448)
	at com.kms.katalon.core.main.TestCaseExecutor.doExecute(TestCaseExecutor.java:439)
	at com.kms.katalon.core.main.TestCaseExecutor.processExecutionPhase(TestCaseExecutor.java:418)
	at com.kms.katalon.core.main.TestCaseExecutor.accessMainPhase(TestCaseExecutor.java:410)
	at com.kms.katalon.core.main.TestCaseExecutor.execute(TestCaseExecutor.java:285)
	at com.kms.katalon.core.common.CommonExecutor.accessTestCaseMainPhase(CommonExecutor.java:65)
	at com.kms.katalon.core.main.TestSuiteExecutor.accessTestSuiteMainPhase(TestSuiteExecutor.java:148)
	at com.kms.katalon.core.main.TestSuiteExecutor.execute(TestSuiteExecutor.java:106)
	at com.kms.katalon.core.main.TestCaseMain.startTestSuite(TestCaseMain.java:187)
	at com.kms.katalon.core.main.TestCaseMain$startTestSuite$0.call(Unknown Source)
	at TempTestSuite1701274422176.run(TempTestSuite1701274422176.groovy:36)
Caused by: com.kms.katalon.core.exception.StepFailedException: Text 'Cadastro' is not present on page 
	... 23 more
"/>
         <system-out><![CDATA[2023-11-29 13:15:29 - [TEST_CASE][FAILED] - Test Cases/CDT05 - RF01 - cadastro cliente - Verificar sucesso e usuarios repetidos: Test Cases/CDT05 - RF01 - cadastro cliente - Verificar sucesso e usuarios repetidos FAILED.
Reason:
com.kms.katalon.core.exception.StepFailedException: Text 'Cadastro' is not present on page  (Root cause: com.kms.katalon.core.exception.StepFailedException: Text 'Cadastro' is not present on page 
	at com.kms.katalon.core.webui.keyword.internal.WebUIKeywordMain.stepFailed(WebUIKeywordMain.groovy:64)
	at com.kms.katalon.core.webui.keyword.builtin.VerifyTextPresentKeyword$_verifyTextPresent_closure1.doCall(VerifyTextPresentKeyword.groovy:79)
	at com.kms.katalon.core.webui.keyword.builtin.VerifyTextPresentKeyword$_verifyTextPresent_closure1.call(VerifyTextPresentKeyword.groovy)
	at com.kms.katalon.core.webui.keyword.internal.WebUIKeywordMain.runKeyword(WebUIKeywordMain.groovy:20)
	at com.kms.katalon.core.webui.keyword.builtin.VerifyTextPresentKeyword.verifyTextPresent(VerifyTextPresentKeyword.groovy:83)
	at com.kms.katalon.core.webui.keyword.builtin.VerifyTextPresentKeyword.execute(VerifyTextPresentKeyword.groovy:68)
	at com.kms.katalon.core.keyword.internal.KeywordExecutor.executeKeywordForPlatform(KeywordExecutor.groovy:74)
	at com.kms.katalon.core.webui.keyword.WebUiBuiltInKeywords.verifyTextPresent(WebUiBuiltInKeywords.groovy:1707)
	at com.kms.katalon.core.webui.keyword.WebUiBuiltInKeywords$verifyTextPresent$6.call(Unknown Source)
	at CDT05 - RF01 - cadastro cliente - Verificar sucesso e usuarios repetidos.run(CDT05 - RF01 - cadastro cliente - Verificar sucesso e usuarios repetidos:53)
	at com.kms.katalon.core.main.ScriptEngine.run(ScriptEngine.java:194)
	at com.kms.katalon.core.main.ScriptEngine.runScriptAsRawText(ScriptEngine.java:119)
	at com.kms.katalon.core.main.TestCaseExecutor.runScript(TestCaseExecutor.java:448)
	at com.kms.katalon.core.main.TestCaseExecutor.doExecute(TestCaseExecutor.java:439)
	at com.kms.katalon.core.main.TestCaseExecutor.processExecutionPhase(TestCaseExecutor.java:418)
	at com.kms.katalon.core.main.TestCaseExecutor.accessMainPhase(TestCaseExecutor.java:410)
	at com.kms.katalon.core.main.TestCaseExecutor.execute(TestCaseExecutor.java:285)
	at com.kms.katalon.core.common.CommonExecutor.accessTestCaseMainPhase(CommonExecutor.java:65)
	at com.kms.katalon.core.main.TestSuiteExecutor.accessTestSuiteMainPhase(TestSuiteExecutor.java:148)
	at com.kms.katalon.core.main.TestSuiteExecutor.execute(TestSuiteExecutor.java:106)
	at com.kms.katalon.core.main.TestCaseMain.startTestSuite(TestCaseMain.java:187)
	at com.kms.katalon.core.main.TestCaseMain$startTestSuite$0.call(Unknown Source)
	at TempTestSuite1701274422176.run(TempTestSuite1701274422176.groovy:36)
)
	at com.kms.katalon.core.keyword.internal.KeywordMain.stepFailed(KeywordMain.groovy:39)
	at com.kms.katalon.core.webui.keyword.internal.WebUIKeywordMain.stepFailed(WebUIKeywordMain.groovy:64)
	at com.kms.katalon.core.webui.keyword.builtin.VerifyTextPresentKeyword$_verifyTextPresent_closure1.doCall(VerifyTextPresentKeyword.groovy:79)
	at com.kms.katalon.core.webui.keyword.builtin.VerifyTextPresentKeyword$_verifyTextPresent_closure1.call(VerifyTextPresentKeyword.groovy)
	at com.kms.katalon.core.webui.keyword.internal.WebUIKeywordMain.runKeyword(WebUIKeywordMain.groovy:20)
	at com.kms.katalon.core.webui.keyword.builtin.VerifyTextPresentKeyword.verifyTextPresent(VerifyTextPresentKeyword.groovy:83)
	at com.kms.katalon.core.webui.keyword.builtin.VerifyTextPresentKeyword.execute(VerifyTextPresentKeyword.groovy:68)
	at com.kms.katalon.core.keyword.internal.KeywordExecutor.executeKeywordForPlatform(KeywordExecutor.groovy:74)
	at com.kms.katalon.core.webui.keyword.WebUiBuiltInKeywords.verifyTextPresent(WebUiBuiltInKeywords.groovy:1707)
	at com.kms.katalon.core.webui.keyword.WebUiBuiltInKeywords$verifyTextPresent$6.call(Unknown Source)
	at CDT05 - RF01 - cadastro cliente - Verificar sucesso e usuarios repetidos.run(CDT05 - RF01 - cadastro cliente - Verificar sucesso e usuarios repetidos:53)
	at com.kms.katalon.core.main.ScriptEngine.run(ScriptEngine.java:194)
	at com.kms.katalon.core.main.ScriptEngine.runScriptAsRawText(ScriptEngine.java:119)
	at com.kms.katalon.core.main.TestCaseExecutor.runScript(TestCaseExecutor.java:448)
	at com.kms.katalon.core.main.TestCaseExecutor.doExecute(TestCaseExecutor.java:439)
	at com.kms.katalon.core.main.TestCaseExecutor.processExecutionPhase(TestCaseExecutor.java:418)
	at com.kms.katalon.core.main.TestCaseExecutor.accessMainPhase(TestCaseExecutor.java:410)
	at com.kms.katalon.core.main.TestCaseExecutor.execute(TestCaseExecutor.java:285)
	at com.kms.katalon.core.common.CommonExecutor.accessTestCaseMainPhase(CommonExecutor.java:65)
	at com.kms.katalon.core.main.TestSuiteExecutor.accessTestSuiteMainPhase(TestSuiteExecutor.java:148)
	at com.kms.katalon.core.main.TestSuiteExecutor.execute(TestSuiteExecutor.java:106)
	at com.kms.katalon.core.main.TestCaseMain.startTestSuite(TestCaseMain.java:187)
	at com.kms.katalon.core.main.TestCaseMain$startTestSuite$0.call(Unknown Source)
	at TempTestSuite1701274422176.run(TempTestSuite1701274422176.groovy:36)
Caused by: com.kms.katalon.core.exception.StepFailedException: Text 'Cadastro' is not present on page 
	... 23 more


2023-11-29 13:15:29 - [TEST_STEP][PASSED] - openBrowser("", CONTINUE_ON_FAILURE): Browser is opened with url: ''

2023-11-29 13:15:29 - [MESSAGE][INFO] - Starting 'Chrome' driver

2023-11-29 13:15:29 - [MESSAGE][INFO] - Action delay is set to 0 milliseconds

2023-11-29 13:15:31 - [MESSAGE][PASSED] - Browser is opened with url: ''

2023-11-29 13:15:31 - [TEST_STEP][PASSED] - navigateToUrl("http://localhost/pizzaWeb2.0/site/index.php", CONTINUE_ON_FAILURE): Navigate to 'http://localhost/pizzaWeb2.0/site/index.php' successfully

2023-11-29 13:15:37 - [MESSAGE][PASSED] - Navigate to 'http://localhost/pizzaWeb2.0/site/index.php' successfully

2023-11-29 13:15:37 - [TEST_STEP][PASSED] - click(findTestObject("Object Repository/CDT03 - CDT04 - CDT05/Page_PizzaWeb/a_Cadastre-se"), CONTINUE_ON_FAILURE): Object: 'Object Repository/CDT03 - CDT04 - CDT05/Page_PizzaWeb/a_Cadastre-se' is clicked on

2023-11-29 13:15:38 - [MESSAGE][PASSED] - Object: 'Object Repository/CDT03 - CDT04 - CDT05/Page_PizzaWeb/a_Cadastre-se' is clicked on

2023-11-29 13:15:38 - [TEST_STEP][PASSED] - callTestCase(findTestCase("CDT03 - cadastro simples"), ["nome":"teste", "email":"email@email.com", "ddd":"11", "telefone":"222222222", "usuario":"teste", "senha":"teste", "repetir_senha":"teste", ... ], CONTINUE_ON_FAILURE): Call Test Case 'Test Cases/CDT03 - cadastro simples' successfully

2023-11-29 13:15:38 - [TEST_CASE][PASSED] - Test Cases/CDT03 - cadastro simples: Test Cases/CDT03 - cadastro simples

2023-11-29 13:15:38 - [TEST_STEP][PASSED] - setText(findTestObject("Object Repository/CDT03 - CDT04 - CDT05/Page_/input_Nome_nomeCadastro"), nome, CONTINUE_ON_FAILURE): Text 'teste' is set on object 'Object Repository/CDT03 - CDT04 - CDT05/Page_/input_Nome_nomeCadastro'

2023-11-29 13:15:39 - [MESSAGE][PASSED] - Text 'teste' is set on object 'Object Repository/CDT03 - CDT04 - CDT05/Page_/input_Nome_nomeCadastro'

2023-11-29 13:15:39 - [TEST_STEP][PASSED] - setText(findTestObject("Object Repository/CDT03 - CDT04 - CDT05/Page_/input_E-mail_emailCadastro"), email, CONTINUE_ON_FAILURE): Text 'email@email.com' is set on object 'Object Repository/CDT03 - CDT04 - CDT05/Page_/input_E-mail_emailCadastro'

2023-11-29 13:15:40 - [MESSAGE][PASSED] - Text 'email@email.com' is set on object 'Object Repository/CDT03 - CDT04 - CDT05/Page_/input_E-mail_emailCadastro'

2023-11-29 13:15:40 - [TEST_STEP][PASSED] - setText(findTestObject("Object Repository/CDT03 - CDT04 - CDT05/Page_/input_DDD_dddTelCadastro"), ddd, CONTINUE_ON_FAILURE): Text '11' is set on object 'Object Repository/CDT03 - CDT04 - CDT05/Page_/input_DDD_dddTelCadastro'

2023-11-29 13:15:41 - [MESSAGE][PASSED] - Text '11' is set on object 'Object Repository/CDT03 - CDT04 - CDT05/Page_/input_DDD_dddTelCadastro'

2023-11-29 13:15:41 - [TEST_STEP][PASSED] - setText(findTestObject("Object Repository/CDT03 - CDT04 - CDT05/Page_/input_Telefone_telCadastro"), telefone, CONTINUE_ON_FAILURE): Text '222222222' is set on object 'Object Repository/CDT03 - CDT04 - CDT05/Page_/input_Telefone_telCadastro'

2023-11-29 13:15:42 - [MESSAGE][PASSED] - Text '222222222' is set on object 'Object Repository/CDT03 - CDT04 - CDT05/Page_/input_Telefone_telCadastro'

2023-11-29 13:15:42 - [TEST_STEP][PASSED] - setText(findTestObject("Object Repository/CDT03 - CDT04 - CDT05/Page_/input_Usurio_loginCadastro"), usuario, CONTINUE_ON_FAILURE): Text 'teste' is set on object 'Object Repository/CDT03 - CDT04 - CDT05/Page_/input_Usurio_loginCadastro'

2023-11-29 13:15:43 - [MESSAGE][PASSED] - Text 'teste' is set on object 'Object Repository/CDT03 - CDT04 - CDT05/Page_/input_Usurio_loginCadastro'

2023-11-29 13:15:43 - [TEST_STEP][PASSED] - setText(findTestObject("Object Repository/CDT03 - CDT04 - CDT05/Page_/input_Senha_senhaCadastro"), senha, CONTINUE_ON_FAILURE): Text 'teste' is set on object 'Object Repository/CDT03 - CDT04 - CDT05/Page_/input_Senha_senhaCadastro'

2023-11-29 13:15:43 - [MESSAGE][PASSED] - Text 'teste' is set on object 'Object Repository/CDT03 - CDT04 - CDT05/Page_/input_Senha_senhaCadastro'

2023-11-29 13:15:43 - [TEST_STEP][PASSED] - setText(findTestObject("Object Repository/CDT03 - CDT04 - CDT05/Page_/input_Repetir a senha_form-control"), repetir_senha, CONTINUE_ON_FAILURE): Text 'teste' is set on object 'Object Repository/CDT03 - CDT04 - CDT05/Page_/input_Repetir a senha_form-control'

2023-11-29 13:15:44 - [MESSAGE][PASSED] - Text 'teste' is set on object 'Object Repository/CDT03 - CDT04 - CDT05/Page_/input_Repetir a senha_form-control'

2023-11-29 13:15:44 - [TEST_STEP][PASSED] - setText(findTestObject("Object Repository/CDT03 - CDT04 - CDT05/Page_/input_RuaAv_ruaCadastro"), rua, CONTINUE_ON_FAILURE): Text 'rua ' is set on object 'Object Repository/CDT03 - CDT04 - CDT05/Page_/input_RuaAv_ruaCadastro'

2023-11-29 13:15:45 - [MESSAGE][PASSED] - Text 'rua ' is set on object 'Object Repository/CDT03 - CDT04 - CDT05/Page_/input_RuaAv_ruaCadastro'

2023-11-29 13:15:45 - [TEST_STEP][PASSED] - setText(findTestObject("Object Repository/CDT03 - CDT04 - CDT05/Page_/input_Nmero_numeroCadastro"), numero, CONTINUE_ON_FAILURE): Text '200' is set on object 'Object Repository/CDT03 - CDT04 - CDT05/Page_/input_Nmero_numeroCadastro'

2023-11-29 13:15:46 - [MESSAGE][PASSED] - Text '200' is set on object 'Object Repository/CDT03 - CDT04 - CDT05/Page_/input_Nmero_numeroCadastro'

2023-11-29 13:15:46 - [TEST_STEP][PASSED] - setText(findTestObject("Object Repository/CDT03 - CDT04 - CDT05/Page_/input_Bairro_bairroCadastro"), bairro, CONTINUE_ON_FAILURE): Text 'bairro' is set on object 'Object Repository/CDT03 - CDT04 - CDT05/Page_/input_Bairro_bairroCadastro'

2023-11-29 13:15:47 - [MESSAGE][PASSED] - Text 'bairro' is set on object 'Object Repository/CDT03 - CDT04 - CDT05/Page_/input_Bairro_bairroCadastro'

2023-11-29 13:15:47 - [TEST_STEP][PASSED] - setText(findTestObject("Object Repository/CDT03 - CDT04 - CDT05/Page_/input_Complemento_complementoCadastro"), complemento, CONTINUE_ON_FAILURE): Text 'complemento' is set on object 'Object Repository/CDT03 - CDT04 - CDT05/Page_/input_Complemento_complementoCadastro'

2023-11-29 13:15:48 - [MESSAGE][PASSED] - Text 'complemento' is set on object 'Object Repository/CDT03 - CDT04 - CDT05/Page_/input_Complemento_complementoCadastro'

2023-11-29 13:15:48 - [TEST_STEP][PASSED] - setText(findTestObject("Object Repository/CDT03 - CDT04 - CDT05/Page_/input_Cidade_cidadeCadastro"), cidade, CONTINUE_ON_FAILURE): Text 'Rio de Janeiro' is set on object 'Object Repository/CDT03 - CDT04 - CDT05/Page_/input_Cidade_cidadeCadastro'

2023-11-29 13:15:48 - [MESSAGE][PASSED] - Text 'Rio de Janeiro' is set on object 'Object Repository/CDT03 - CDT04 - CDT05/Page_/input_Cidade_cidadeCadastro'

2023-11-29 13:15:48 - [TEST_STEP][PASSED] - selectOptionByValue(findTestObject("Object Repository/CDT03 - CDT04 - CDT05/Page_/select_ALAPAMBACEDFESGOMAMTMSMGPAPBPRPEPIRR_4d941d"), uf, true, CONTINUE_ON_FAILURE): All options with value 'MG' are selected in object 'Object Repository/CDT03 - CDT04 - CDT05/Page_/select_ALAPAMBACEDFESGOMAMTMSMGPAPBPRPEPIRR_4d941d'  using regular expression

2023-11-29 13:15:50 - [MESSAGE][PASSED] - All options with value 'MG' are selected in object 'Object Repository/CDT03 - CDT04 - CDT05/Page_/select_ALAPAMBACEDFESGOMAMTMSMGPAPBPRPEPIRR_4d941d'  using regular expression

2023-11-29 13:15:50 - [MESSAGE][PASSED] - Call Test Case 'Test Cases/CDT03 - cadastro simples' successfully

2023-11-29 13:15:50 - [TEST_STEP][PASSED] - click(findTestObject("Object Repository/CDT03 - CDT04 - CDT05/Page_/button_Cadastrar"), CONTINUE_ON_FAILURE): Object: 'Object Repository/CDT03 - CDT04 - CDT05/Page_/button_Cadastrar' is clicked on

2023-11-29 13:15:51 - [MESSAGE][PASSED] - Object: 'Object Repository/CDT03 - CDT04 - CDT05/Page_/button_Cadastrar' is clicked on

2023-11-29 13:15:51 - [TEST_STEP][PASSED] - verifyTextPresent("Cadastrado com Sucesso!", false, CONTINUE_ON_FAILURE): Text 'Cadastrado com Sucesso!' is present on page 

2023-11-29 13:15:51 - [MESSAGE][PASSED] - Text 'Cadastrado com Sucesso!' is present on page 

2023-11-29 13:15:51 - [TEST_STEP][PASSED] - click(findTestObject("Object Repository/CDT03 - CDT04 - CDT05/Page_/button_OK"), CONTINUE_ON_FAILURE): Object: 'Object Repository/CDT03 - CDT04 - CDT05/Page_/button_OK' is clicked on

2023-11-29 13:15:52 - [MESSAGE][PASSED] - Object: 'Object Repository/CDT03 - CDT04 - CDT05/Page_/button_OK' is clicked on

2023-11-29 13:15:52 - [TEST_STEP][PASSED] - verifyElementText(findTestObject("CDT03 - CDT04 - CDT05/Page_PizzaWeb/a_ola_usuario"), "Olá, teste!", CONTINUE_ON_FAILURE): Actual text and expected text of test object 'Object Repository/CDT03 - CDT04 - CDT05/Page_PizzaWeb/a_ola_usuario' are matched.

2023-11-29 13:15:53 - [MESSAGE][PASSED] - Actual text and expected text of test object 'Object Repository/CDT03 - CDT04 - CDT05/Page_PizzaWeb/a_ola_usuario' are matched.

2023-11-29 13:15:53 - [TEST_STEP][PASSED] - click(findTestObject("Object Repository/CDT03 - CDT04 - CDT05/Page_PizzaWeb/a_Sair"), CONTINUE_ON_FAILURE): Object: 'Object Repository/CDT03 - CDT04 - CDT05/Page_PizzaWeb/a_Sair' is clicked on

2023-11-29 13:15:53 - [MESSAGE][PASSED] - Object: 'Object Repository/CDT03 - CDT04 - CDT05/Page_PizzaWeb/a_Sair' is clicked on

2023-11-29 13:15:53 - [TEST_STEP][PASSED] - click(findTestObject("Object Repository/CDT03 - CDT04 - CDT05/Page_PizzaWeb/a_Cadastre-se"), CONTINUE_ON_FAILURE): Object: 'Object Repository/CDT03 - CDT04 - CDT05/Page_PizzaWeb/a_Cadastre-se' is clicked on

2023-11-29 13:15:54 - [MESSAGE][PASSED] - Object: 'Object Repository/CDT03 - CDT04 - CDT05/Page_PizzaWeb/a_Cadastre-se' is clicked on

2023-11-29 13:15:54 - [TEST_STEP][PASSED] - callTestCase(findTestCase("CDT03 - cadastro simples"), ["nome":"marco", "email":"teste@gmail.com", "ddd":"11", "telefone":"222222222", "usuario":"marco", "senha":"teste", "repetir_senha":"teste", ... ], CONTINUE_ON_FAILURE): Call Test Case 'Test Cases/CDT03 - cadastro simples' successfully

2023-11-29 13:15:54 - [TEST_CASE][PASSED] - Test Cases/CDT03 - cadastro simples: Test Cases/CDT03 - cadastro simples

2023-11-29 13:15:54 - [TEST_STEP][PASSED] - setText(findTestObject("Object Repository/CDT03 - CDT04 - CDT05/Page_/input_Nome_nomeCadastro"), nome, CONTINUE_ON_FAILURE): Text 'marco' is set on object 'Object Repository/CDT03 - CDT04 - CDT05/Page_/input_Nome_nomeCadastro'

2023-11-29 13:15:55 - [MESSAGE][PASSED] - Text 'marco' is set on object 'Object Repository/CDT03 - CDT04 - CDT05/Page_/input_Nome_nomeCadastro'

2023-11-29 13:15:55 - [TEST_STEP][PASSED] - setText(findTestObject("Object Repository/CDT03 - CDT04 - CDT05/Page_/input_E-mail_emailCadastro"), email, CONTINUE_ON_FAILURE): Text 'teste@gmail.com' is set on object 'Object Repository/CDT03 - CDT04 - CDT05/Page_/input_E-mail_emailCadastro'

2023-11-29 13:15:56 - [MESSAGE][PASSED] - Text 'teste@gmail.com' is set on object 'Object Repository/CDT03 - CDT04 - CDT05/Page_/input_E-mail_emailCadastro'

2023-11-29 13:15:56 - [TEST_STEP][PASSED] - setText(findTestObject("Object Repository/CDT03 - CDT04 - CDT05/Page_/input_DDD_dddTelCadastro"), ddd, CONTINUE_ON_FAILURE): Text '11' is set on object 'Object Repository/CDT03 - CDT04 - CDT05/Page_/input_DDD_dddTelCadastro'

2023-11-29 13:15:57 - [MESSAGE][PASSED] - Text '11' is set on object 'Object Repository/CDT03 - CDT04 - CDT05/Page_/input_DDD_dddTelCadastro'

2023-11-29 13:15:57 - [TEST_STEP][PASSED] - setText(findTestObject("Object Repository/CDT03 - CDT04 - CDT05/Page_/input_Telefone_telCadastro"), telefone, CONTINUE_ON_FAILURE): Text '222222222' is set on object 'Object Repository/CDT03 - CDT04 - CDT05/Page_/input_Telefone_telCadastro'

2023-11-29 13:15:58 - [MESSAGE][PASSED] - Text '222222222' is set on object 'Object Repository/CDT03 - CDT04 - CDT05/Page_/input_Telefone_telCadastro'

2023-11-29 13:15:58 - [TEST_STEP][PASSED] - setText(findTestObject("Object Repository/CDT03 - CDT04 - CDT05/Page_/input_Usurio_loginCadastro"), usuario, CONTINUE_ON_FAILURE): Text 'marco' is set on object 'Object Repository/CDT03 - CDT04 - CDT05/Page_/input_Usurio_loginCadastro'

2023-11-29 13:15:59 - [MESSAGE][PASSED] - Text 'marco' is set on object 'Object Repository/CDT03 - CDT04 - CDT05/Page_/input_Usurio_loginCadastro'

2023-11-29 13:15:59 - [TEST_STEP][PASSED] - setText(findTestObject("Object Repository/CDT03 - CDT04 - CDT05/Page_/input_Senha_senhaCadastro"), senha, CONTINUE_ON_FAILURE): Text 'teste' is set on object 'Object Repository/CDT03 - CDT04 - CDT05/Page_/input_Senha_senhaCadastro'

2023-11-29 13:15:59 - [MESSAGE][PASSED] - Text 'teste' is set on object 'Object Repository/CDT03 - CDT04 - CDT05/Page_/input_Senha_senhaCadastro'

2023-11-29 13:15:59 - [TEST_STEP][PASSED] - setText(findTestObject("Object Repository/CDT03 - CDT04 - CDT05/Page_/input_Repetir a senha_form-control"), repetir_senha, CONTINUE_ON_FAILURE): Text 'teste' is set on object 'Object Repository/CDT03 - CDT04 - CDT05/Page_/input_Repetir a senha_form-control'

2023-11-29 13:16:00 - [MESSAGE][PASSED] - Text 'teste' is set on object 'Object Repository/CDT03 - CDT04 - CDT05/Page_/input_Repetir a senha_form-control'

2023-11-29 13:16:00 - [TEST_STEP][PASSED] - setText(findTestObject("Object Repository/CDT03 - CDT04 - CDT05/Page_/input_RuaAv_ruaCadastro"), rua, CONTINUE_ON_FAILURE): Text 'rua ' is set on object 'Object Repository/CDT03 - CDT04 - CDT05/Page_/input_RuaAv_ruaCadastro'

2023-11-29 13:16:01 - [MESSAGE][PASSED] - Text 'rua ' is set on object 'Object Repository/CDT03 - CDT04 - CDT05/Page_/input_RuaAv_ruaCadastro'

2023-11-29 13:16:01 - [TEST_STEP][PASSED] - setText(findTestObject("Object Repository/CDT03 - CDT04 - CDT05/Page_/input_Nmero_numeroCadastro"), numero, CONTINUE_ON_FAILURE): Text '200' is set on object 'Object Repository/CDT03 - CDT04 - CDT05/Page_/input_Nmero_numeroCadastro'

2023-11-29 13:16:02 - [MESSAGE][PASSED] - Text '200' is set on object 'Object Repository/CDT03 - CDT04 - CDT05/Page_/input_Nmero_numeroCadastro'

2023-11-29 13:16:02 - [TEST_STEP][PASSED] - setText(findTestObject("Object Repository/CDT03 - CDT04 - CDT05/Page_/input_Bairro_bairroCadastro"), bairro, CONTINUE_ON_FAILURE): Text 'bairro' is set on object 'Object Repository/CDT03 - CDT04 - CDT05/Page_/input_Bairro_bairroCadastro'

2023-11-29 13:16:03 - [MESSAGE][PASSED] - Text 'bairro' is set on object 'Object Repository/CDT03 - CDT04 - CDT05/Page_/input_Bairro_bairroCadastro'

2023-11-29 13:16:03 - [TEST_STEP][PASSED] - setText(findTestObject("Object Repository/CDT03 - CDT04 - CDT05/Page_/input_Complemento_complementoCadastro"), complemento, CONTINUE_ON_FAILURE): Text 'complemento' is set on object 'Object Repository/CDT03 - CDT04 - CDT05/Page_/input_Complemento_complementoCadastro'

2023-11-29 13:16:04 - [MESSAGE][PASSED] - Text 'complemento' is set on object 'Object Repository/CDT03 - CDT04 - CDT05/Page_/input_Complemento_complementoCadastro'

2023-11-29 13:16:04 - [TEST_STEP][PASSED] - setText(findTestObject("Object Repository/CDT03 - CDT04 - CDT05/Page_/input_Cidade_cidadeCadastro"), cidade, CONTINUE_ON_FAILURE): Text 'Rio de Janeiro' is set on object 'Object Repository/CDT03 - CDT04 - CDT05/Page_/input_Cidade_cidadeCadastro'

2023-11-29 13:16:05 - [MESSAGE][PASSED] - Text 'Rio de Janeiro' is set on object 'Object Repository/CDT03 - CDT04 - CDT05/Page_/input_Cidade_cidadeCadastro'

2023-11-29 13:16:05 - [TEST_STEP][PASSED] - selectOptionByValue(findTestObject("Object Repository/CDT03 - CDT04 - CDT05/Page_/select_ALAPAMBACEDFESGOMAMTMSMGPAPBPRPEPIRR_4d941d"), uf, true, CONTINUE_ON_FAILURE): All options with value 'MG' are selected in object 'Object Repository/CDT03 - CDT04 - CDT05/Page_/select_ALAPAMBACEDFESGOMAMTMSMGPAPBPRPEPIRR_4d941d'  using regular expression

2023-11-29 13:16:07 - [MESSAGE][PASSED] - All options with value 'MG' are selected in object 'Object Repository/CDT03 - CDT04 - CDT05/Page_/select_ALAPAMBACEDFESGOMAMTMSMGPAPBPRPEPIRR_4d941d'  using regular expression

2023-11-29 13:16:07 - [MESSAGE][PASSED] - Call Test Case 'Test Cases/CDT03 - cadastro simples' successfully

2023-11-29 13:16:07 - [TEST_STEP][PASSED] - click(findTestObject("Object Repository/CDT03 - CDT04 - CDT05/Page_/button_Cadastrar"), CONTINUE_ON_FAILURE): Object: 'Object Repository/CDT03 - CDT04 - CDT05/Page_/button_Cadastrar' is clicked on

2023-11-29 13:16:08 - [MESSAGE][PASSED] - Object: 'Object Repository/CDT03 - CDT04 - CDT05/Page_/button_Cadastrar' is clicked on

2023-11-29 13:16:08 - [TEST_STEP][FAILED] - verifyTextPresent("Cadastro", false, CONTINUE_ON_FAILURE): Text 'Cadastro' is not present on page  (Root cause: com.kms.katalon.core.exception.StepFailedException: Text 'Cadastro' is not present on page 
	at com.kms.katalon.core.webui.keyword.internal.WebUIKeywordMain.stepFailed(WebUIKeywordMain.groovy:64)
	at com.kms.katalon.core.webui.keyword.builtin.VerifyTextPresentKeyword$_verifyTextPresent_closure1.doCall(VerifyTextPresentKeyword.groovy:79)
	at com.kms.katalon.core.webui.keyword.builtin.VerifyTextPresentKeyword$_verifyTextPresent_closure1.call(VerifyTextPresentKeyword.groovy)
	at com.kms.katalon.core.webui.keyword.internal.WebUIKeywordMain.runKeyword(WebUIKeywordMain.groovy:20)
	at com.kms.katalon.core.webui.keyword.builtin.VerifyTextPresentKeyword.verifyTextPresent(VerifyTextPresentKeyword.groovy:83)
	at com.kms.katalon.core.webui.keyword.builtin.VerifyTextPresentKeyword.execute(VerifyTextPresentKeyword.groovy:68)
	at com.kms.katalon.core.keyword.internal.KeywordExecutor.executeKeywordForPlatform(KeywordExecutor.groovy:74)
	at com.kms.katalon.core.webui.keyword.WebUiBuiltInKeywords.verifyTextPresent(WebUiBuiltInKeywords.groovy:1707)
	at com.kms.katalon.core.webui.keyword.WebUiBuiltInKeywords$verifyTextPresent$6.call(Unknown Source)
	at CDT05 - RF01 - cadastro cliente - Verificar sucesso e usuarios repetidos.run(CDT05 - RF01 - cadastro cliente - Verificar sucesso e usuarios repetidos:53)
	at com.kms.katalon.core.main.ScriptEngine.run(ScriptEngine.java:194)
	at com.kms.katalon.core.main.ScriptEngine.runScriptAsRawText(ScriptEngine.java:119)
[...]
	at com.kms.katalon.core.webui.keyword.builtin.VerifyElementNotPresentKeyword$_verifyElementNotPresent_closure1.doCall(VerifyElementNotPresentKeyword.groovy:113)
	at com.kms.katalon.core.webui.keyword.builtin.VerifyElementNotPresentKeyword$_verifyElementNotPresent_closure1.doCall(VerifyElementNotPresentKeyword.groovy)
	at com.kms.katalon.core.webui.keyword.internal.WebUIKeywordMain.runKeyword(WebUIKeywordMain.groovy:20)
	at com.kms.katalon.core.webui.keyword.internal.WebUIKeywordMain$runKeyword.call(Unknown Source)
	at com.kms.katalon.core.webui.keyword.builtin.VerifyElementNotPresentKeyword.verifyElementNotPresent(VerifyElementNotPresentKeyword.groovy:122)
	at com.kms.katalon.core.webui.keyword.builtin.VerifyElementNotPresentKeyword.execute(VerifyElementNotPresentKeyword.groovy:68)
	at com.kms.katalon.core.keyword.internal.KeywordExecutor.executeKeywordForPlatform(KeywordExecutor.groovy:74)
	at com.kms.katalon.core.webui.keyword.WebUiBuiltInKeywords.verifyElementNotPresent(WebUiBuiltInKeywords.groovy:1481)
	at com.kms.katalon.core.webui.keyword.WebUiBuiltInKeywords$verifyElementNotPresent$7.call(Unknown Source)
	at CDT14 - RF15 - Alterar dados do restaurante com um dos campos obrigatorios vazios.run(CDT14 - RF15 - Alterar dados do restaurante com um dos campos obrigatorios vazios:40)
	at com.kms.katalon.core.main.ScriptEngine.run(ScriptEngine.java:194)
	at com.kms.katalon.core.main.ScriptEngine.runScriptAsRawText(ScriptEngine.java:119)
	at com.kms.katalon.core.main.TestCaseExecutor.runScript(TestCaseExecutor.java:448)
	at com.kms.katalon.core.main.TestCaseExecutor.doExecute(TestCaseExecutor.java:439)
	at com.kms.katalon.core.main.TestCaseExecutor.processExecutionPhase(TestCaseExecutor.java:418)
	at com.kms.katalon.core.main.TestCaseExecutor.accessMainPhase(TestCaseExecutor.java:410)
	at com.kms.katalon.core.main.TestCaseExecutor.execute(TestCaseExecutor.java:285)
	at com.kms.katalon.core.common.CommonExecutor.accessTestCaseMainPhase(CommonExecutor.java:65)
	at com.kms.katalon.core.main.TestSuiteExecutor.accessTestSuiteMainPhase(TestSuiteExecutor.java:148)
	at com.kms.katalon.core.main.TestSuiteExecutor.execute(TestSuiteExecutor.java:106)
	at com.kms.katalon.core.main.TestCaseMain.startTestSuite(TestCaseMain.java:187)
	at com.kms.katalon.core.main.TestCaseMain$startTestSuite$0.call(Unknown Source)
	at TempTestSuite1701274422176.run(TempTestSuite1701274422176.groovy:36)
Caused by: com.kms.katalon.core.exception.StepFailedException: Web element with id: 'Object Repository/CDT14 - CDT15/Page_/div_Dados alterados com sucesso' located by 'By.xpath: //div[@id='swal2-content']' is present after '1' second(s)
	... 25 more]]></system-err>
      </testcase>
      <testcase name="Test Cases/CDT15 - RF15 - Alterar dados do restaurante com todos os campos obrigatorios preenchidos" time="14.735" classname="Test Cases/CDT15 - RF15 - Alterar dados do restaurante com todos os campos obrigatorios preenchidos" status="PASSED">
         <system-out><![CDATA[2023-11-29 13:19:35 - [TEST_CASE][PASSED] - Test Cases/CDT15 - RF15 - Alterar dados do restaurante com todos os campos obrigatorios preenchidos: Test Cases/CDT15 - RF15 - Alterar dados do restaurante com todos os campos obrigatorios preenchidos

2023-11-29 13:19:35 - [TEST_STEP][PASSED] - openBrowser("", CONTINUE_ON_FAILURE): Browser is opened with url: ''

2023-11-29 13:19:35 - [MESSAGE][INFO] - Starting 'Chrome' driver

2023-11-29 13:19:35 - [MESSAGE][INFO] - Action delay is set to 0 milliseconds

2023-11-29 13:19:37 - [MESSAGE][PASSED] - Browser is opened with url: ''

2023-11-29 13:19:37 - [TEST_STEP][PASSED] - navigateToUrl("http://localhost/pizzaWeb2.0/site/", CONTINUE_ON_FAILURE): Navigate to 'http://localhost/pizzaWeb2.0/site/' successfully

2023-11-29 13:19:40 - [MESSAGE][PASSED] - Navigate to 'http://localhost/pizzaWeb2.0/site/' successfully

2023-11-29 13:19:40 - [TEST_STEP][PASSED] - click(findTestObject("Object Repository/CDT14 - CDT15/Page_PizzaWeb/a_Entrar"), CONTINUE_ON_FAILURE): Object: 'Object Repository/CDT14 - CDT15/Page_PizzaWeb/a_Entrar' is clicked on

2023-11-29 13:19:40 - [MESSAGE][PASSED] - Object: 'Object Repository/CDT14 - CDT15/Page_PizzaWeb/a_Entrar' is clicked on

2023-11-29 13:19:40 - [TEST_STEP][PASSED] - callTestCase(findTestCase("CDT02 - login simple"), ["usuario":"admin", "senha":"admin"], CONTINUE_ON_FAILURE): Call Test Case 'Test Cases/CDT02 - login simple' successfully

2023-11-29 13:19:40 - [TEST_CASE][PASSED] - Test Cases/CDT02 - login simple: Test Cases/CDT02 - login simple

2023-11-29 13:19:40 - [TEST_STEP][PASSED] - setText(findTestObject("Object Repository/CDT01 - CDT02/Page_Login/input_Entrar_login"), usuario, CONTINUE_ON_FAILURE): Text 'admin' is set on object 'Object Repository/CDT01 - CDT02/Page_Login/input_Entrar_login'

2023-11-29 13:19:41 - [MESSAGE][PASSED] - Text 'admin' is set on object 'Object Repository/CDT01 - CDT02/Page_Login/input_Entrar_login'

2023-11-29 13:19:41 - [TEST_STEP][PASSED] - setText(findTestObject("Object Repository/CDT01 - CDT02/Page_Login/input_Entrar_senha"), senha, CONTINUE_ON_FAILURE): Text 'admin' is set on object 'Object Repository/CDT01 - CDT02/Page_Login/input_Entrar_senha'

2023-11-29 13:19:42 - [MESSAGE][PASSED] - Text 'admin' is set on object 'Object Repository/CDT01 - CDT02/Page_Login/input_Entrar_senha'

2023-11-29 13:19:42 - [TEST_STEP][PASSED] - click(findTestObject("Object Repository/CDT01 - CDT02/Page_Login/button_Login"), CONTINUE_ON_FAILURE): Object: 'Object Repository/CDT01 - CDT02/Page_Login/button_Login' is clicked on

2023-11-29 13:19:43 - [MESSAGE][PASSED] - Object: 'Object Repository/CDT01 - CDT02/Page_Login/button_Login' is clicked on

2023-11-29 13:19:43 - [MESSAGE][PASSED] - Call Test Case 'Test Cases/CDT02 - login simple' successfully

2023-11-29 13:19:43 - [TEST_STEP][PASSED] - click(findTestObject("Object Repository/CDT14 - CDT15/Page_PizzaWeb/a_Gerenciar"), CONTINUE_ON_FAILURE): Object: 'Object Repository/CDT14 - CDT15/Page_PizzaWeb/a_Gerenciar' is clicked on

2023-11-29 13:19:44 - [MESSAGE][PASSED] - Object: 'Object Repository/CDT14 - CDT15/Page_PizzaWeb/a_Gerenciar' is clicked on

2023-11-29 13:19:44 - [TEST_STEP][PASSED] - navigateToUrl("http://localhost/pizzaWeb2.0/site/administrador.php", CONTINUE_ON_FAILURE): Navigate to 'http://localhost/pizzaWeb2.0/site/administrador.php' successfully

2023-11-29 13:19:44 - [MESSAGE][PASSED] - Navigate to 'http://localhost/pizzaWeb2.0/site/administrador.php' successfully

2023-11-29 13:19:44 - [TEST_STEP][PASSED] - click(findTestObject("Object Repository/CDT14 - CDT15/Page_/a_Gerenciar Restaurantes"), CONTINUE_ON_FAILURE): Object: 'Object Repository/CDT14 - CDT15/Page_/a_Gerenciar Restaurantes' is clicked on

2023-11-29 13:19:45 - [MESSAGE][PASSED] - Object: 'Object Repository/CDT14 - CDT15/Page_/a_Gerenciar Restaurantes' is clicked on

2023-11-29 13:19:45 - [TEST_STEP][PASSED] - click(findTestObject("Object Repository/CDT14 - CDT15/Page_/input_editar"), CONTINUE_ON_FAILURE): Object: 'Object Repository/CDT14 - CDT15/Page_/input_editar' is clicked on

2023-11-29 13:19:46 - [MESSAGE][PASSED] - Object: 'Object Repository/CDT14 - CDT15/Page_/input_editar' is clicked on

2023-11-29 13:19:46 - [TEST_STEP][PASSED] - setText(findTestObject("Object Repository/CDT14 - CDT15/Page_/input_cidade"), "Nova Friburgo", CONTINUE_ON_FAILURE): Text 'Nova Friburgo' is set on object 'Object Repository/CDT14 - CDT15/Page_/input_cidade'

2023-11-29 13:19:47 - [MESSAGE][PASSED] - Text 'Nova Friburgo' is set on object 'Object Repository/CDT14 - CDT15/Page_/input_cidade'

2023-11-29 13:19:47 - [TEST_STEP][PASSED] - click(findTestObject("CDT14 - CDT15/Page_/input_confirmarcadastro"), CONTINUE_ON_FAILURE): Object: 'Object Repository/CDT14 - CDT15/Page_/input_confirmarcadastro' is clicked on

2023-11-29 13:19:47 - [MESSAGE][PASSED] - Object: 'Object Repository/CDT14 - CDT15/Page_/input_confirmarcadastro' is clicked on

2023-11-29 13:19:47 - [TEST_STEP][PASSED] - verifyElementText(findTestObject("Object Repository/CDT14 - CDT15/Page_/div_Dados alterados com sucesso"), "Dados alterados com sucesso!", CONTINUE_ON_FAILURE): Actual text and expected text of test object 'Object Repository/CDT14 - CDT15/Page_/div_Dados alterados com sucesso' are matched.

2023-11-29 13:19:48 - [MESSAGE][PASSED] - Actual text and expected text of test object 'Object Repository/CDT14 - CDT15/Page_/div_Dados alterados com sucesso' are matched.

2023-11-29 13:19:48 - [TEST_STEP][PASSED] - click(findTestObject("Object Repository/CDT14 - CDT15/Page_/button_OK"), CONTINUE_ON_FAILURE): Object: 'Object Repository/CDT14 - CDT15/Page_/button_OK' is clicked on

2023-11-29 13:19:48 - [MESSAGE][PASSED] - Object: 'Object Repository/CDT14 - CDT15/Page_/button_OK' is clicked on

2023-11-29 13:19:48 - [TEST_STEP][PASSED] - verifyElementText(findTestObject("Object Repository/CDT14 - CDT15/Page_/td_localizacao"), "Rua General Osório - no.10 - Centro - Nova Friburgo - RJ", CONTINUE_ON_FAILURE): Actual text and expected text of test object 'Object Repository/CDT14 - CDT15/Page_/td_localizacao' are matched.

2023-11-29 13:19:49 - [MESSAGE][PASSED] - Actual text and expected text of test object 'Object Repository/CDT14 - CDT15/Page_/td_localizacao' are matched.

2023-11-29 13:19:49 - [TEST_STEP][PASSED] - closeBrowser(CONTINUE_ON_FAILURE): Browser is closed

2023-11-29 13:19:49 - [MESSAGE][PASSED] - Browser is closed]]></system-out>
         <system-err><![CDATA[]]></system-err>
      </testcase>
      <system-out><![CDATA[2023-11-29 13:14:02 - [TEST_SUITE][FAILED] - Teste de Integração: Test Cases/CDT04 - RF01 - cadastro cliente - Verificar erros de preenchimento FAILED.
Reason:
com.kms.katalon.core.exception.StepFailedException: Text 'Cadastro' is not present on page  (Root cause: com.kms.katalon.core.exception.StepFailedException: Text 'Cadastro' is not present on page 
	at com.kms.katalon.core.webui.keyword.internal.WebUIKeywordMain.stepFailed(WebUIKeywordMain.groovy:64)
	at com.kms.katalon.core.webui.keyword.builtin.VerifyTextPresentKeyword$_verifyTextPresent_closure1.doCall(VerifyTextPresentKeyword.groovy:79)
	at com.kms.katalon.core.webui.keyword.builtin.VerifyTextPresentKeyword$_verifyTextPresent_closure1.call(VerifyTextPresentKeyword.groovy)
	at com.kms.katalon.core.webui.keyword.internal.WebUIKeywordMain.runKeyword(WebUIKeywordMain.groovy:20)
	at com.kms.katalon.core.webui.keyword.builtin.VerifyTextPresentKeyword.verifyTextPresent(VerifyTextPresentKeyword.groovy:83)
	at com.kms.katalon.core.webui.keyword.builtin.VerifyTextPresentKeyword.execute(VerifyTextPresentKeyword.groovy:68)
	at com.kms.katalon.core.keyword.internal.KeywordExecutor.executeKeywordForPlatform(KeywordExecutor.groovy:74)
	at com.kms.katalon.core.webui.keyword.WebUiBuiltInKeywords.verifyTextPresent(WebUiBuiltInKeywords.groovy:1707)
	at com.kms.katalon.core.webui.keyword.WebUiBuiltInKeywords$verifyTextPresent$6.call(Unknown Source)
	at CDT04 - RF01 - cadastro cliente - Verificar erros de preenchimento.run(CDT04 - RF01 - cadastro cliente - Verificar erros de preenchimento:56)
	at com.kms.katalon.core.main.ScriptEngine.run(ScriptEngine.java:194)
	at com.kms.katalon.core.main.ScriptEngine.runScriptAsRawText(ScriptEngine.java:119)
	at com.kms.katalon.core.main.TestCaseExecutor.runScript(TestCaseExecutor.java:448)
	at com.kms.katalon.core.main.TestCaseExecutor.doExecute(TestCaseExecutor.java:439)
	at com.kms.katalon.core.main.TestCaseExecutor.processExecutionPhase(TestCaseExecutor.java:418)
	at com.kms.katalon.core.main.TestCaseExecutor.accessMainPhase(TestCaseExecutor.java:410)
	at com.kms.katalon.core.main.TestCaseExecutor.execute(TestCaseExecutor.java:285)
	at com.kms.katalon.core.common.CommonExecutor.accessTestCaseMainPhase(CommonExecutor.java:65)
	at com.kms.katalon.core.main.TestSuiteExecutor.accessTestSuiteMainPhase(TestSuiteExecutor.java:148)
	at com.kms.katalon.core.main.TestSuiteExecutor.execute(TestSuiteExecutor.java:106)
	at com.kms.katalon.core.main.TestCaseMain.startTestSuite(TestCaseMain.java:187)
	at com.kms.katalon.core.main.TestCaseMain$startTestSuite$0.call(Unknown Source)
	at TempTestSuite1701274422176.run(TempTestSuite1701274422176.groovy:36)
)
	at com.kms.katalon.core.keyword.internal.KeywordMain.stepFailed(KeywordMain.groovy:39)
	at com.kms.katalon.core.webui.keyword.internal.WebUIKeywordMain.stepFailed(WebUIKeywordMain.groovy:64)
	at com.kms.katalon.core.webui.keyword.builtin.VerifyTextPresentKeyword$_verifyTextPresent_closure1.doCall(VerifyTextPresentKeyword.groovy:79)
	at com.kms.katalon.core.webui.keyword.builtin.VerifyTextPresentKeyword$_verifyTextPresent_closure1.call(VerifyTextPresentKeyword.groovy)
	at com.kms.katalon.core.webui.keyword.internal.WebUIKeywordMain.runKeyword(WebUIKeywordMain.groovy:20)
	at com.kms.katalon.core.webui.keyword.builtin.VerifyTextPresentKeyword.verifyTextPresent(VerifyTextPresentKeyword.groovy:83)
	at com.kms.katalon.core.webui.keyword.builtin.VerifyTextPresentKeyword.execute(VerifyTextPresentKeyword.groovy:68)
	at com.kms.katalon.core.keyword.internal.KeywordExecutor.executeKeywordForPlatform(KeywordExecutor.groovy:74)
	at com.kms.katalon.core.webui.keyword.WebUiBuiltInKeywords.verifyTextPresent(WebUiBuiltInKeywords.groovy:1707)
	at com.kms.katalon.core.webui.keyword.WebUiBuiltInKeywords$verifyTextPresent$6.call(Unknown Source)
	at CDT04 - RF01 - cadastro cliente - Verificar erros de preenchimento.run(CDT04 - RF01 - cadastro cliente - Verificar erros de preenchimento:56)
	at com.kms.katalon.core.main.ScriptEngine.run(ScriptEngine.java:194)
	at com.kms.katalon.core.main.ScriptEngine.runScriptAsRawText(ScriptEngine.java:119)
	at com.kms.katalon.core.main.TestCaseExecutor.runScript(TestCaseExecutor.java:448)
	at com.kms.katalon.core.main.TestCaseExecutor.doExecute(TestCaseExecutor.java:439)
	at com.kms.katalon.core.main.TestCaseExecutor.processExecutionPhase(TestCaseExecutor.java:418)
	at com.kms.katalon.core.main.TestCaseExecutor.accessMainPhase(TestCaseExecutor.java:410)
	at com.kms.katalon.core.main.TestCaseExecutor.execute(TestCaseExecutor.java:285)
	at com.kms.katalon.core.common.CommonExecutor.accessTestCaseMainPhase(CommonExecutor.java:65)
	at com.kms.katalon.core.main.TestSuiteExecutor.accessTestSuiteMainPhase(TestSuiteExecutor.java:148)
	at com.kms.katalon.core.main.TestSuiteExecutor.execute(TestSuiteExecutor.java:106)
	at com.kms.katalon.core.main.TestCaseMain.startTestSuite(TestCaseMain.java:187)
	at com.kms.katalon.core.main.TestCaseMain$startTestSuite$0.call(Unknown Source)
	at TempTestSuite1701274422176.run(TempTestSuite1701274422176.groovy:36)
Caused by: com.kms.katalon.core.exception.StepFailedException: Text 'Cadastro' is not present on page 
	... 23 more]]></system-out>
      <system-err><![CDATA[2023-11-29 13:14:02 - [TEST_SUITE][FAILED] - Teste de Integração: Test Cases/CDT04 - RF01 - cadastro cliente - Verificar erros de preenchimento FAILED.
Reason:
com.kms.katalon.core.exception.StepFailedException: Text 'Cadastro' is not present on page  (Root cause: com.kms.katalon.core.exception.StepFailedException: Text 'Cadastro' is not present on page 
	at com.kms.katalon.core.webui.keyword.internal.WebUIKeywordMain.stepFailed(WebUIKeywordMain.groovy:64)
	at com.kms.katalon.core.webui.keyword.builtin.VerifyTextPresentKeyword$_verifyTextPresent_closure1.doCall(VerifyTextPresentKeyword.groovy:79)
	at com.kms.katalon.core.webui.keyword.builtin.VerifyTextPresentKeyword$_verifyTextPresent_closure1.call(VerifyTextPresentKeyword.groovy)
	at com.kms.katalon.core.webui.keyword.internal.WebUIKeywordMain.runKeyword(WebUIKeywordMain.groovy:20)
	at com.kms.katalon.core.webui.keyword.builtin.VerifyTextPresentKeyword.verifyTextPresent(VerifyTextPresentKeyword.groovy:83)
	at com.kms.katalon.core.webui.keyword.builtin.VerifyTextPresentKeyword.execute(VerifyTextPresentKeyword.groovy:68)
	at com.kms.katalon.core.keyword.internal.KeywordExecutor.executeKeywordForPlatform(KeywordExecutor.groovy:74)
	at com.kms.katalon.core.webui.keyword.WebUiBuiltInKeywords.verifyTextPresent(WebUiBuiltInKeywords.groovy:1707)
	at com.kms.katalon.core.webui.keyword.WebUiBuiltInKeywords$verifyTextPresent$6.call(Unknown Source)
	at CDT04 - RF01 - cadastro cliente - Verificar erros de preenchimento.run(CDT04 - RF01 - cadastro cliente - Verificar erros de preenchimento:56)
	at com.kms.katalon.core.main.ScriptEngine.run(ScriptEngine.java:194)
	at com.kms.katalon.core.main.ScriptEngine.runScriptAsRawText(ScriptEngine.java:119)
	at com.kms.katalon.core.main.TestCaseExecutor.runScript(TestCaseExecutor.java:448)
	at com.kms.katalon.core.main.TestCaseExecutor.doExecute(TestCaseExecutor.java:439)
	at com.kms.katalon.core.main.TestCaseExecutor.processExecutionPhase(TestCaseExecutor.java:418)
	at com.kms.katalon.core.main.TestCaseExecutor.accessMainPhase(TestCaseExecutor.java:410)
	at com.kms.katalon.core.main.TestCaseExecutor.execute(TestCaseExecutor.java:285)
	at com.kms.katalon.core.common.CommonExecutor.accessTestCaseMainPhase(CommonExecutor.java:65)
	at com.kms.katalon.core.main.TestSuiteExecutor.accessTestSuiteMainPhase(TestSuiteExecutor.java:148)
	at com.kms.katalon.core.main.TestSuiteExecutor.execute(TestSuiteExecutor.java:106)
	at com.kms.katalon.core.main.TestCaseMain.startTestSuite(TestCaseMain.java:187)
	at com.kms.katalon.core.main.TestCaseMain$startTestSuite$0.call(Unknown Source)
	at TempTestSuite1701274422176.run(TempTestSuite1701274422176.groovy:36)
)
	at com.kms.katalon.core.keyword.internal.KeywordMain.stepFailed(KeywordMain.groovy:39)
	at com.kms.katalon.core.webui.keyword.internal.WebUIKeywordMain.stepFailed(WebUIKeywordMain.groovy:64)
	at com.kms.katalon.core.webui.keyword.builtin.VerifyTextPresentKeyword$_verifyTextPresent_closure1.doCall(VerifyTextPresentKeyword.groovy:79)
	at com.kms.katalon.core.webui.keyword.builtin.VerifyTextPresentKeyword$_verifyTextPresent_closure1.call(VerifyTextPresentKeyword.groovy)
	at com.kms.katalon.core.webui.keyword.internal.WebUIKeywordMain.runKeyword(WebUIKeywordMain.groovy:20)
	at com.kms.katalon.core.webui.keyword.builtin.VerifyTextPresentKeyword.verifyTextPresent(VerifyTextPresentKeyword.groovy:83)
	at com.kms.katalon.core.webui.keyword.builtin.VerifyTextPresentKeyword.execute(VerifyTextPresentKeyword.groovy:68)
	at com.kms.katalon.core.keyword.internal.KeywordExecutor.executeKeywordForPlatform(KeywordExecutor.groovy:74)
	at com.kms.katalon.core.webui.keyword.WebUiBuiltInKeywords.verifyTextPresent(WebUiBuiltInKeywords.groovy:1707)
	at com.kms.katalon.core.webui.keyword.WebUiBuiltInKeywords$verifyTextPresent$6.call(Unknown Source)
	at CDT04 - RF01 - cadastro cliente - Verificar erros de preenchimento.run(CDT04 - RF01 - cadastro cliente - Verificar erros de preenchimento:56)
	at com.kms.katalon.core.main.ScriptEngine.run(ScriptEngine.java:194)
	at com.kms.katalon.core.main.ScriptEngine.runScriptAsRawText(ScriptEngine.java:119)
	at com.kms.katalon.core.main.TestCaseExecutor.runScript(TestCaseExecutor.java:448)
	at com.kms.katalon.core.main.TestCaseExecutor.doExecute(TestCaseExecutor.java:439)
	at com.kms.katalon.core.main.TestCaseExecutor.processExecutionPhase(TestCaseExecutor.java:418)
	at com.kms.katalon.core.main.TestCaseExecutor.accessMainPhase(TestCaseExecutor.java:410)
	at com.kms.katalon.core.main.TestCaseExecutor.execute(TestCaseExecutor.java:285)
	at com.kms.katalon.core.common.CommonExecutor.accessTestCaseMainPhase(CommonExecutor.java:65)
	at com.kms.katalon.core.main.TestSuiteExecutor.accessTestSuiteMainPhase(TestSuiteExecutor.java:148)
	at com.kms.katalon.core.main.TestSuiteExecutor.execute(TestSuiteExecutor.java:106)
	at com.kms.katalon.core.main.TestCaseMain.startTestSuite(TestCaseMain.java:187)
	at com.kms.katalon.core.main.TestCaseMain$startTestSuite$0.call(Unknown Source)
	at TempTestSuite1701274422176.run(TempTestSuite1701274422176.groovy:36)
Caused by: com.kms.katalon.core.exception.StepFailedException: Text 'Cadastro' is not present on page 
	... 23 more]]></system-err>
   </testsuite>
</testsuites>
